#
# A fatal error has been detected by the Java Runtime Environment:
#
#  EXCEPTION_ACCESS_VIOLATION (0xc0000005) at pc=0x00007ffe6f5ae560, pid=10284, tid=16304
#
# JRE version: Java(TM) SE Runtime Environment (13.0.2+8) (build 13.0.2+8)
# Java VM: Java HotSpot(TM) 64-Bit Server VM (13.0.2+8, mixed mode, sharing, tiered, compressed oops, g1 gc, windows-amd64)
# Problematic frame:
# C  [nvoglv64.dll+0x113e560]
#
# No core dump will be written. Minidumps are not enabled by default on client versions of Windows
#
# If you would like to submit a bug report, please visit:
#   http://bugreport.java.com/bugreport/crash.jsp
# The crash happened outside the Java Virtual Machine in native code.
# See problematic frame for where to report the bug.
#

---------------  S U M M A R Y ------------

Command Line: -Dfile.encoding=windows-1250 -Duser.country=CZ -Duser.language=cs -Duser.variant cz.educanet.HellowWindow.Main

Host: AMD Ryzen 5 2600 Six-Core Processor            , 12 cores, 15G,  Windows 10 , 64 bit Build 18362 (10.0.18362.1350)
Time: Tue Feb 16 17:22:54 2021 Stoední Evropa (bi?ný eas) elapsed time: 1 seconds (0d 0h 0m 1s)

---------------  T H R E A D  ---------------

Current thread (0x000002ab7ead0000):  JavaThread "main" [_thread_in_native, id=16304, stack(0x000000fec3800000,0x000000fec3900000)]

Stack: [0x000000fec3800000,0x000000fec3900000],  sp=0x000000fec38fee78,  free space=1019k
Native frames: (J=compiled Java code, j=interpreted, Vv=VM code, C=native code)
C  [nvoglv64.dll+0x113e560]

Java frames: (J=compiled Java code, j=interpreted, Vv=VM code)
j  org.lwjgl.opengl.GL11C.glDrawArrays(III)V+0
j  org.lwjgl.opengl.GL11.glDrawArrays(III)V+3
j  cz.educanet.HellowWindow.Game.render(J)V+15
j  cz.educanet.HellowWindow.Main.main([Ljava/lang/String;)V+116
v  ~StubRoutines::call_stub

siginfo: EXCEPTION_ACCESS_VIOLATION (0xc0000005), reading address 0x0000000000000000


Register to memory mapping:

RIP=0x00007ffe6f5ae560 nvoglv64.dll
RAX=0x0000000000000030 is an unknown value
RBX=0x0000000000000280 is an unknown value
RCX=0x000002ab23f8c970 points into unknown readable memory: 00 00 00 00 00 00 00 00
RDX=0xfffffd54dc073690 is an unknown value
RSP=0x000000fec38fee78 is pointing into the stack for thread: 0x000002ab7ead0000
RBP=0x0000000000000001 is an unknown value
RSI=0x0000000000000003 is an unknown value
RDI=0x000002ab23f8c970 points into unknown readable memory: 00 00 00 00 00 00 00 00
R8 =0x0000000000000030 is an unknown value
R9 =0x0000000000000003 is an unknown value
R10=0x0 is NULL
R11=0x000002ab23f8c970 points into unknown readable memory: 00 00 00 00 00 00 00 00
R12=0x0 is NULL
R13=0x00007ffe6e470000 nvoglv64.dll
R14=0x0 is NULL
R15=0x000002ab24fa2438 points into unknown readable memory: 04 00 00 00 01 00 00 00


Registers:
RAX=0x0000000000000030, RBX=0x0000000000000280, RCX=0x000002ab23f8c970, RDX=0xfffffd54dc073690
RSP=0x000000fec38fee78, RBP=0x0000000000000001, RSI=0x0000000000000003, RDI=0x000002ab23f8c970
R8 =0x0000000000000030, R9 =0x0000000000000003, R10=0x0000000000000000, R11=0x000002ab23f8c970
R12=0x0000000000000000, R13=0x00007ffe6e470000, R14=0x0000000000000000, R15=0x000002ab24fa2438
RIP=0x00007ffe6f5ae560, EFLAGS=0x0000000000010283

Top of Stack: (sp=0x000000fec38fee78)
0x000000fec38fee78:   00007ffe6efe8e0c 000002ab0843a273
0x000000fec38fee88:   0000000000000148 000002ab7ead0000
0x000000fec38fee98:   00007ffe6ee586ab 0000000000000000
0x000000fec38feea8:   0000000000000000 0000000000000000
0x000000fec38feeb8:   000000000002010b 000002ab24fa2438
0x000000fec38feec8:   00007ffe6efe9d1b 000002ab24fa0080
0x000000fec38feed8:   0000000000000004 0000000000000003
0x000000fec38feee8:   000002ab0843f340 000002ab7ead0000
0x000000fec38feef8:   000000fec38fefd8 000002ab233a8c00
0x000000fec38fef08:   0000000000000000 000002ab0843a273
0x000000fec38fef18:   000002ab0843f4f7 000002ab233a8c08
0x000000fec38fef28:   000000fec38fefa8 0000000000000148
0x000000fec38fef38:   0000000000000148 3ff0000000000003
0x000000fec38fef48:   0000000000000000 0000000000000148
0x000000fec38fef58:   000002ab0843f196 000000fec38fef60
0x000000fec38fef68:   000002ab233a8c00 000000fec38fefd8 

Instructions: (pc=0x00007ffe6f5ae560)
0x00007ffe6f5ae460:   4c 8b 02 8b 4a 08 4c 89 00 89 48 08 c3 0f 1f 00
0x00007ffe6f5ae470:   4c 8b 02 8b 4a 08 44 0f b7 4a 0c 4c 89 00 89 48
0x00007ffe6f5ae480:   08 66 44 89 48 0c c3 66 0f 1f 84 00 00 00 00 00
0x00007ffe6f5ae490:   4c 8b 02 8b 4a 08 44 0f b7 4a 0c 44 0f b6 52 0e
0x00007ffe6f5ae4a0:   4c 89 00 89 48 08 66 44 89 48 0c 44 88 50 0e c3
0x00007ffe6f5ae4b0:   0f 10 04 11 4c 03 c1 48 83 c1 10 41 f6 c3 0f 74
0x00007ffe6f5ae4c0:   13 0f 28 c8 48 83 e1 f0 0f 10 04 11 48 83 c1 10
0x00007ffe6f5ae4d0:   41 0f 11 0b 4c 2b c1 4d 8b c8 49 c1 e9 07 0f 84
0x00007ffe6f5ae4e0:   88 00 00 00 0f 29 41 f0 4c 3b 0d 49 52 63 01 76
0x00007ffe6f5ae4f0:   17 e9 c2 00 00 00 66 66 0f 1f 84 00 00 00 00 00
0x00007ffe6f5ae500:   0f 29 41 e0 0f 29 49 f0 0f 10 04 11 0f 10 4c 11
0x00007ffe6f5ae510:   10 48 81 c1 80 00 00 00 0f 29 41 80 0f 29 49 90
0x00007ffe6f5ae520:   0f 10 44 11 a0 0f 10 4c 11 b0 49 ff c9 0f 29 41
0x00007ffe6f5ae530:   a0 0f 29 49 b0 0f 10 44 11 c0 0f 10 4c 11 d0 0f
0x00007ffe6f5ae540:   29 41 c0 0f 29 49 d0 0f 10 44 11 e0 0f 10 4c 11
0x00007ffe6f5ae550:   f0 75 ad 0f 29 41 e0 49 83 e0 7f 0f 28 c1 eb 0c
0x00007ffe6f5ae560:   0f 10 04 11 48 83 c1 10 49 83 e8 10 4d 8b c8 49
0x00007ffe6f5ae570:   c1 e9 04 74 1c 66 66 66 0f 1f 84 00 00 00 00 00
0x00007ffe6f5ae580:   0f 11 41 f0 0f 10 04 11 48 83 c1 10 49 ff c9 75
0x00007ffe6f5ae590:   ef 49 83 e0 0f 74 0d 4a 8d 04 01 0f 10 4c 10 f0
0x00007ffe6f5ae5a0:   0f 11 48 f0 0f 11 41 f0 49 8b c3 c3 0f 1f 40 00
0x00007ffe6f5ae5b0:   0f 2b 41 e0 0f 2b 49 f0 0f 18 84 11 00 02 00 00
0x00007ffe6f5ae5c0:   0f 10 04 11 0f 10 4c 11 10 48 81 c1 80 00 00 00
0x00007ffe6f5ae5d0:   0f 2b 41 80 0f 2b 49 90 0f 10 44 11 a0 0f 10 4c
0x00007ffe6f5ae5e0:   11 b0 49 ff c9 0f 2b 41 a0 0f 2b 49 b0 0f 10 44
0x00007ffe6f5ae5f0:   11 c0 0f 10 4c 11 d0 0f 18 84 11 40 02 00 00 0f
0x00007ffe6f5ae600:   2b 41 c0 0f 2b 49 d0 0f 10 44 11 e0 0f 10 4c 11
0x00007ffe6f5ae610:   f0 75 9d 0f ae f8 e9 38 ff ff ff 0f 1f 44 00 00
0x00007ffe6f5ae620:   49 03 c8 0f 10 44 11 f0 48 83 e9 10 49 83 e8 10
0x00007ffe6f5ae630:   f6 c1 0f 74 17 48 8b c1 48 83 e1 f0 0f 10 c8 0f
0x00007ffe6f5ae640:   10 04 11 0f 11 08 4c 8b c1 4d 2b c3 4d 8b c8 49
0x00007ffe6f5ae650:   c1 e9 07 74 68 0f 29 01 eb 0d 66 0f 1f 44 00 00 


Stack slot to memory mapping:
stack at sp + 0 slots: 0x00007ffe6efe8e0c nvoglv64.dll
stack at sp + 1 slots: 0x000002ab0843a273 is at code_begin+2355 in an Interpreter codelet
invoke return entry points  [0x000002ab08439940, 0x000002ab0843a360]  2592 bytes
stack at sp + 2 slots: 0x0000000000000148 is an unknown value
stack at sp + 3 slots: 0x000002ab7ead0000 is a thread
stack at sp + 4 slots: 0x00007ffe6ee586ab nvoglv64.dll
stack at sp + 5 slots: 0x0 is NULL
stack at sp + 6 slots: 0x0 is NULL
stack at sp + 7 slots: 0x0 is NULL


---------------  P R O C E S S  ---------------

Threads class SMR info:
_java_thread_list=0x000002ab2407f050, length=11, elements={
0x000002ab7ead0000, 0x000002ab22c10800, 0x000002ab22c14000, 0x000002ab234b8000,
0x000002ab234ba000, 0x000002ab234bb000, 0x000002ab234bc000, 0x000002ab234c2800,
0x000002ab23627800, 0x000002ab2362d000, 0x000002ab29b13800
}

Java Threads: ( => current thread )
=>0x000002ab7ead0000 JavaThread "main" [_thread_in_native, id=16304, stack(0x000000fec3800000,0x000000fec3900000)]
  0x000002ab22c10800 JavaThread "Reference Handler" daemon [_thread_blocked, id=17560, stack(0x000000fec3f00000,0x000000fec4000000)]
  0x000002ab22c14000 JavaThread "Finalizer" daemon [_thread_blocked, id=17500, stack(0x000000fec4000000,0x000000fec4100000)]
  0x000002ab234b8000 JavaThread "Signal Dispatcher" daemon [_thread_blocked, id=5360, stack(0x000000fec4100000,0x000000fec4200000)]
  0x000002ab234ba000 JavaThread "Attach Listener" daemon [_thread_blocked, id=15528, stack(0x000000fec4200000,0x000000fec4300000)]
  0x000002ab234bb000 JavaThread "C2 CompilerThread0" daemon [_thread_blocked, id=2780, stack(0x000000fec4300000,0x000000fec4400000)]
  0x000002ab234bc000 JavaThread "C1 CompilerThread0" daemon [_thread_blocked, id=16740, stack(0x000000fec4400000,0x000000fec4500000)]
  0x000002ab234c2800 JavaThread "Sweeper thread" daemon [_thread_blocked, id=19324, stack(0x000000fec4500000,0x000000fec4600000)]
  0x000002ab23627800 JavaThread "Service Thread" daemon [_thread_blocked, id=19716, stack(0x000000fec4600000,0x000000fec4700000)]
  0x000002ab2362d000 JavaThread "Common-Cleaner" daemon [_thread_blocked, id=9252, stack(0x000000fec4800000,0x000000fec4900000)]
  0x000002ab29b13800 JavaThread "C2 CompilerThread1" daemon [_thread_blocked, id=8580, stack(0x000000fec5000000,0x000000fec5100000)]

Other Threads:
  0x000002ab22c0f800 VMThread "VM Thread" [stack: 0x000000fec3e00000,0x000000fec3f00000] [id=20404]
  0x000002ab23628800 WatcherThread [stack: 0x000000fec4700000,0x000000fec4800000] [id=21804]
  0x000002ab7eb3c000 GCTaskThread "GC Thread#0" [stack: 0x000000fec3900000,0x000000fec3a00000] [id=24364]
  0x000002ab7eb5d800 ConcurrentGCThread "G1 Main Marker" [stack: 0x000000fec3a00000,0x000000fec3b00000] [id=11688]
  0x000002ab7eb5f800 ConcurrentGCThread "G1 Conc#0" [stack: 0x000000fec3b00000,0x000000fec3c00000] [id=22912]
  0x000002ab22b08000 ConcurrentGCThread "G1 Refine#0" [stack: 0x000000fec3c00000,0x000000fec3d00000] [id=13684]
  0x000002ab22b0a000 ConcurrentGCThread "G1 Young RemSet Sampling" [stack: 0x000000fec3d00000,0x000000fec3e00000] [id=3008]

Threads with active compile tasks:

VM state:not at safepoint (normal execution)

VM Mutex/Monitor currently owned by a thread: None

Heap address: 0x0000000701000000, size: 4080 MB, Compressed Oops mode: Zero based, Oop shift amount: 3
Narrow klass base: 0x0000000800000000, Narrow klass shift: 3
Compressed class space size: 1073741824 Address: 0x0000000800b40000

Heap:
 garbage-first heap   total 262144K, used 16384K [0x0000000701000000, 0x0000000800000000)
  region size 1024K, 18 young (18432K), 0 survivors (0K)
 Metaspace       used 5322K, capacity 8473K, committed 8832K, reserved 1056768K
  class space    used 271K, capacity 596K, committed 640K, reserved 1048576K
Heap Regions: E=young(eden), S=young(survivor), O=old, HS=humongous(starts), HC=humongous(continues), CS=collection set, F=free, A=archive, TAMS=top-at-mark-start (previous, next)
|   0|0x0000000701000000, 0x0000000701000000, 0x0000000701100000|  0%| F|  |TAMS 0x0000000701000000, 0x0000000701000000| Untracked 
|   1|0x0000000701100000, 0x0000000701100000, 0x0000000701200000|  0%| F|  |TAMS 0x0000000701100000, 0x0000000701100000| Untracked 
|   2|0x0000000701200000, 0x0000000701200000, 0x0000000701300000|  0%| F|  |TAMS 0x0000000701200000, 0x0000000701200000| Untracked 
|   3|0x0000000701300000, 0x0000000701300000, 0x0000000701400000|  0%| F|  |TAMS 0x0000000701300000, 0x0000000701300000| Untracked 
|   4|0x0000000701400000, 0x0000000701400000, 0x0000000701500000|  0%| F|  |TAMS 0x0000000701400000, 0x0000000701400000| Untracked 
|   5|0x0000000701500000, 0x0000000701500000, 0x0000000701600000|  0%| F|  |TAMS 0x0000000701500000, 0x0000000701500000| Untracked 
|   6|0x0000000701600000, 0x0000000701600000, 0x0000000701700000|  0%| F|  |TAMS 0x0000000701600000, 0x0000000701600000| Untracked 
|   7|0x0000000701700000, 0x0000000701700000, 0x0000000701800000|  0%| F|  |TAMS 0x0000000701700000, 0x0000000701700000| Untracked 
|   8|0x0000000701800000, 0x0000000701800000, 0x0000000701900000|  0%| F|  |TAMS 0x0000000701800000, 0x0000000701800000| Untracked 
|   9|0x0000000701900000, 0x0000000701900000, 0x0000000701a00000|  0%| F|  |TAMS 0x0000000701900000, 0x0000000701900000| Untracked 
|  10|0x0000000701a00000, 0x0000000701a00000, 0x0000000701b00000|  0%| F|  |TAMS 0x0000000701a00000, 0x0000000701a00000| Untracked 
|  11|0x0000000701b00000, 0x0000000701b00000, 0x0000000701c00000|  0%| F|  |TAMS 0x0000000701b00000, 0x0000000701b00000| Untracked 
|  12|0x0000000701c00000, 0x0000000701c00000, 0x0000000701d00000|  0%| F|  |TAMS 0x0000000701c00000, 0x0000000701c00000| Untracked 
|  13|0x0000000701d00000, 0x0000000701d00000, 0x0000000701e00000|  0%| F|  |TAMS 0x0000000701d00000, 0x0000000701d00000| Untracked 
|  14|0x0000000701e00000, 0x0000000701e00000, 0x0000000701f00000|  0%| F|  |TAMS 0x0000000701e00000, 0x0000000701e00000| Untracked 
|  15|0x0000000701f00000, 0x0000000701f00000, 0x0000000702000000|  0%| F|  |TAMS 0x0000000701f00000, 0x0000000701f00000| Untracked 
|  16|0x0000000702000000, 0x0000000702000000, 0x0000000702100000|  0%| F|  |TAMS 0x0000000702000000, 0x0000000702000000| Untracked 
|  17|0x0000000702100000, 0x0000000702100000, 0x0000000702200000|  0%| F|  |TAMS 0x0000000702100000, 0x0000000702100000| Untracked 
|  18|0x0000000702200000, 0x0000000702200000, 0x0000000702300000|  0%| F|  |TAMS 0x0000000702200000, 0x0000000702200000| Untracked 
|  19|0x0000000702300000, 0x0000000702300000, 0x0000000702400000|  0%| F|  |TAMS 0x0000000702300000, 0x0000000702300000| Untracked 
|  20|0x0000000702400000, 0x0000000702400000, 0x0000000702500000|  0%| F|  |TAMS 0x0000000702400000, 0x0000000702400000| Untracked 
|  21|0x0000000702500000, 0x0000000702500000, 0x0000000702600000|  0%| F|  |TAMS 0x0000000702500000, 0x0000000702500000| Untracked 
|  22|0x0000000702600000, 0x0000000702600000, 0x0000000702700000|  0%| F|  |TAMS 0x0000000702600000, 0x0000000702600000| Untracked 
|  23|0x0000000702700000, 0x0000000702700000, 0x0000000702800000|  0%| F|  |TAMS 0x0000000702700000, 0x0000000702700000| Untracked 
|  24|0x0000000702800000, 0x0000000702800000, 0x0000000702900000|  0%| F|  |TAMS 0x0000000702800000, 0x0000000702800000| Untracked 
|  25|0x0000000702900000, 0x0000000702900000, 0x0000000702a00000|  0%| F|  |TAMS 0x0000000702900000, 0x0000000702900000| Untracked 
|  26|0x0000000702a00000, 0x0000000702a00000, 0x0000000702b00000|  0%| F|  |TAMS 0x0000000702a00000, 0x0000000702a00000| Untracked 
|  27|0x0000000702b00000, 0x0000000702b00000, 0x0000000702c00000|  0%| F|  |TAMS 0x0000000702b00000, 0x0000000702b00000| Untracked 
|  28|0x0000000702c00000, 0x0000000702c00000, 0x0000000702d00000|  0%| F|  |TAMS 0x0000000702c00000, 0x0000000702c00000| Untracked 
|  29|0x0000000702d00000, 0x0000000702d00000, 0x0000000702e00000|  0%| F|  |TAMS 0x0000000702d00000, 0x0000000702d00000| Untracked 
|  30|0x0000000702e00000, 0x0000000702e00000, 0x0000000702f00000|  0%| F|  |TAMS 0x0000000702e00000, 0x0000000702e00000| Untracked 
|  31|0x0000000702f00000, 0x0000000702f00000, 0x0000000703000000|  0%| F|  |TAMS 0x0000000702f00000, 0x0000000702f00000| Untracked 
|  32|0x0000000703000000, 0x0000000703000000, 0x0000000703100000|  0%| F|  |TAMS 0x0000000703000000, 0x0000000703000000| Untracked 
|  33|0x0000000703100000, 0x0000000703100000, 0x0000000703200000|  0%| F|  |TAMS 0x0000000703100000, 0x0000000703100000| Untracked 
|  34|0x0000000703200000, 0x0000000703200000, 0x0000000703300000|  0%| F|  |TAMS 0x0000000703200000, 0x0000000703200000| Untracked 
|  35|0x0000000703300000, 0x0000000703300000, 0x0000000703400000|  0%| F|  |TAMS 0x0000000703300000, 0x0000000703300000| Untracked 
|  36|0x0000000703400000, 0x0000000703400000, 0x0000000703500000|  0%| F|  |TAMS 0x0000000703400000, 0x0000000703400000| Untracked 
|  37|0x0000000703500000, 0x0000000703500000, 0x0000000703600000|  0%| F|  |TAMS 0x0000000703500000, 0x0000000703500000| Untracked 
|  38|0x0000000703600000, 0x0000000703600000, 0x0000000703700000|  0%| F|  |TAMS 0x0000000703600000, 0x0000000703600000| Untracked 
|  39|0x0000000703700000, 0x0000000703700000, 0x0000000703800000|  0%| F|  |TAMS 0x0000000703700000, 0x0000000703700000| Untracked 
|  40|0x0000000703800000, 0x0000000703800000, 0x0000000703900000|  0%| F|  |TAMS 0x0000000703800000, 0x0000000703800000| Untracked 
|  41|0x0000000703900000, 0x0000000703900000, 0x0000000703a00000|  0%| F|  |TAMS 0x0000000703900000, 0x0000000703900000| Untracked 
|  42|0x0000000703a00000, 0x0000000703a00000, 0x0000000703b00000|  0%| F|  |TAMS 0x0000000703a00000, 0x0000000703a00000| Untracked 
|  43|0x0000000703b00000, 0x0000000703b00000, 0x0000000703c00000|  0%| F|  |TAMS 0x0000000703b00000, 0x0000000703b00000| Untracked 
|  44|0x0000000703c00000, 0x0000000703c00000, 0x0000000703d00000|  0%| F|  |TAMS 0x0000000703c00000, 0x0000000703c00000| Untracked 
|  45|0x0000000703d00000, 0x0000000703d00000, 0x0000000703e00000|  0%| F|  |TAMS 0x0000000703d00000, 0x0000000703d00000| Untracked 
|  46|0x0000000703e00000, 0x0000000703e00000, 0x0000000703f00000|  0%| F|  |TAMS 0x0000000703e00000, 0x0000000703e00000| Untracked 
|  47|0x0000000703f00000, 0x0000000703f00000, 0x0000000704000000|  0%| F|  |TAMS 0x0000000703f00000, 0x0000000703f00000| Untracked 
|  48|0x0000000704000000, 0x0000000704000000, 0x0000000704100000|  0%| F|  |TAMS 0x0000000704000000, 0x0000000704000000| Untracked 
|  49|0x0000000704100000, 0x0000000704100000, 0x0000000704200000|  0%| F|  |TAMS 0x0000000704100000, 0x0000000704100000| Untracked 
|  50|0x0000000704200000, 0x0000000704200000, 0x0000000704300000|  0%| F|  |TAMS 0x0000000704200000, 0x0000000704200000| Untracked 
|  51|0x0000000704300000, 0x0000000704300000, 0x0000000704400000|  0%| F|  |TAMS 0x0000000704300000, 0x0000000704300000| Untracked 
|  52|0x0000000704400000, 0x0000000704400000, 0x0000000704500000|  0%| F|  |TAMS 0x0000000704400000, 0x0000000704400000| Untracked 
|  53|0x0000000704500000, 0x0000000704500000, 0x0000000704600000|  0%| F|  |TAMS 0x0000000704500000, 0x0000000704500000| Untracked 
|  54|0x0000000704600000, 0x0000000704600000, 0x0000000704700000|  0%| F|  |TAMS 0x0000000704600000, 0x0000000704600000| Untracked 
|  55|0x0000000704700000, 0x0000000704700000, 0x0000000704800000|  0%| F|  |TAMS 0x0000000704700000, 0x0000000704700000| Untracked 
|  56|0x0000000704800000, 0x0000000704800000, 0x0000000704900000|  0%| F|  |TAMS 0x0000000704800000, 0x0000000704800000| Untracked 
|  57|0x0000000704900000, 0x0000000704900000, 0x0000000704a00000|  0%| F|  |TAMS 0x0000000704900000, 0x0000000704900000| Untracked 
|  58|0x0000000704a00000, 0x0000000704a00000, 0x0000000704b00000|  0%| F|  |TAMS 0x0000000704a00000, 0x0000000704a00000| Untracked 
|  59|0x0000000704b00000, 0x0000000704b00000, 0x0000000704c00000|  0%| F|  |TAMS 0x0000000704b00000, 0x0000000704b00000| Untracked 
|  60|0x0000000704c00000, 0x0000000704c00000, 0x0000000704d00000|  0%| F|  |TAMS 0x0000000704c00000, 0x0000000704c00000| Untracked 
|  61|0x0000000704d00000, 0x0000000704d00000, 0x0000000704e00000|  0%| F|  |TAMS 0x0000000704d00000, 0x0000000704d00000| Untracked 
|  62|0x0000000704e00000, 0x0000000704e00000, 0x0000000704f00000|  0%| F|  |TAMS 0x0000000704e00000, 0x0000000704e00000| Untracked 
|  63|0x0000000704f00000, 0x0000000704f00000, 0x0000000705000000|  0%| F|  |TAMS 0x0000000704f00000, 0x0000000704f00000| Untracked 
|  64|0x0000000705000000, 0x0000000705000000, 0x0000000705100000|  0%| F|  |TAMS 0x0000000705000000, 0x0000000705000000| Untracked 
|  65|0x0000000705100000, 0x0000000705100000, 0x0000000705200000|  0%| F|  |TAMS 0x0000000705100000, 0x0000000705100000| Untracked 
|  66|0x0000000705200000, 0x0000000705200000, 0x0000000705300000|  0%| F|  |TAMS 0x0000000705200000, 0x0000000705200000| Untracked 
|  67|0x0000000705300000, 0x0000000705300000, 0x0000000705400000|  0%| F|  |TAMS 0x0000000705300000, 0x0000000705300000| Untracked 
|  68|0x0000000705400000, 0x0000000705400000, 0x0000000705500000|  0%| F|  |TAMS 0x0000000705400000, 0x0000000705400000| Untracked 
|  69|0x0000000705500000, 0x0000000705500000, 0x0000000705600000|  0%| F|  |TAMS 0x0000000705500000, 0x0000000705500000| Untracked 
|  70|0x0000000705600000, 0x0000000705600000, 0x0000000705700000|  0%| F|  |TAMS 0x0000000705600000, 0x0000000705600000| Untracked 
|  71|0x0000000705700000, 0x0000000705700000, 0x0000000705800000|  0%| F|  |TAMS 0x0000000705700000, 0x0000000705700000| Untracked 
|  72|0x0000000705800000, 0x0000000705800000, 0x0000000705900000|  0%| F|  |TAMS 0x0000000705800000, 0x0000000705800000| Untracked 
|  73|0x0000000705900000, 0x0000000705900000, 0x0000000705a00000|  0%| F|  |TAMS 0x0000000705900000, 0x0000000705900000| Untracked 
|  74|0x0000000705a00000, 0x0000000705a00000, 0x0000000705b00000|  0%| F|  |TAMS 0x0000000705a00000, 0x0000000705a00000| Untracked 
|  75|0x0000000705b00000, 0x0000000705b00000, 0x0000000705c00000|  0%| F|  |TAMS 0x0000000705b00000, 0x0000000705b00000| Untracked 
|  76|0x0000000705c00000, 0x0000000705c00000, 0x0000000705d00000|  0%| F|  |TAMS 0x0000000705c00000, 0x0000000705c00000| Untracked 
|  77|0x0000000705d00000, 0x0000000705d00000, 0x0000000705e00000|  0%| F|  |TAMS 0x0000000705d00000, 0x0000000705d00000| Untracked 
|  78|0x0000000705e00000, 0x0000000705e00000, 0x0000000705f00000|  0%| F|  |TAMS 0x0000000705e00000, 0x0000000705e00000| Untracked 
|  79|0x0000000705f00000, 0x0000000705f00000, 0x0000000706000000|  0%| F|  |TAMS 0x0000000705f00000, 0x0000000705f00000| Untracked 
|  80|0x0000000706000000, 0x0000000706000000, 0x0000000706100000|  0%| F|  |TAMS 0x0000000706000000, 0x0000000706000000| Untracked 
|  81|0x0000000706100000, 0x0000000706100000, 0x0000000706200000|  0%| F|  |TAMS 0x0000000706100000, 0x0000000706100000| Untracked 
|  82|0x0000000706200000, 0x0000000706200000, 0x0000000706300000|  0%| F|  |TAMS 0x0000000706200000, 0x0000000706200000| Untracked 
|  83|0x0000000706300000, 0x0000000706300000, 0x0000000706400000|  0%| F|  |TAMS 0x0000000706300000, 0x0000000706300000| Untracked 
|  84|0x0000000706400000, 0x0000000706400000, 0x0000000706500000|  0%| F|  |TAMS 0x0000000706400000, 0x0000000706400000| Untracked 
|  85|0x0000000706500000, 0x0000000706500000, 0x0000000706600000|  0%| F|  |TAMS 0x0000000706500000, 0x0000000706500000| Untracked 
|  86|0x0000000706600000, 0x0000000706600000, 0x0000000706700000|  0%| F|  |TAMS 0x0000000706600000, 0x0000000706600000| Untracked 
|  87|0x0000000706700000, 0x0000000706700000, 0x0000000706800000|  0%| F|  |TAMS 0x0000000706700000, 0x0000000706700000| Untracked 
|  88|0x0000000706800000, 0x0000000706800000, 0x0000000706900000|  0%| F|  |TAMS 0x0000000706800000, 0x0000000706800000| Untracked 
|  89|0x0000000706900000, 0x0000000706900000, 0x0000000706a00000|  0%| F|  |TAMS 0x0000000706900000, 0x0000000706900000| Untracked 
|  90|0x0000000706a00000, 0x0000000706a00000, 0x0000000706b00000|  0%| F|  |TAMS 0x0000000706a00000, 0x0000000706a00000| Untracked 
|  91|0x0000000706b00000, 0x0000000706b00000, 0x0000000706c00000|  0%| F|  |TAMS 0x0000000706b00000, 0x0000000706b00000| Untracked 
|  92|0x0000000706c00000, 0x0000000706c00000, 0x0000000706d00000|  0%| F|  |TAMS 0x0000000706c00000, 0x0000000706c00000| Untracked 
|  93|0x0000000706d00000, 0x0000000706d00000, 0x0000000706e00000|  0%| F|  |TAMS 0x0000000706d00000, 0x0000000706d00000| Untracked 
|  94|0x0000000706e00000, 0x0000000706e00000, 0x0000000706f00000|  0%| F|  |TAMS 0x0000000706e00000, 0x0000000706e00000| Untracked 
|  95|0x0000000706f00000, 0x0000000706f00000, 0x0000000707000000|  0%| F|  |TAMS 0x0000000706f00000, 0x0000000706f00000| Untracked 
|  96|0x0000000707000000, 0x0000000707000000, 0x0000000707100000|  0%| F|  |TAMS 0x0000000707000000, 0x0000000707000000| Untracked 
|  97|0x0000000707100000, 0x0000000707100000, 0x0000000707200000|  0%| F|  |TAMS 0x0000000707100000, 0x0000000707100000| Untracked 
|  98|0x0000000707200000, 0x0000000707200000, 0x0000000707300000|  0%| F|  |TAMS 0x0000000707200000, 0x0000000707200000| Untracked 
|  99|0x0000000707300000, 0x0000000707300000, 0x0000000707400000|  0%| F|  |TAMS 0x0000000707300000, 0x0000000707300000| Untracked 
| 100|0x0000000707400000, 0x0000000707400000, 0x0000000707500000|  0%| F|  |TAMS 0x0000000707400000, 0x0000000707400000| Untracked 
| 101|0x0000000707500000, 0x0000000707500000, 0x0000000707600000|  0%| F|  |TAMS 0x0000000707500000, 0x0000000707500000| Untracked 
| 102|0x0000000707600000, 0x0000000707600000, 0x0000000707700000|  0%| F|  |TAMS 0x0000000707600000, 0x0000000707600000| Untracked 
| 103|0x0000000707700000, 0x0000000707700000, 0x0000000707800000|  0%| F|  |TAMS 0x0000000707700000, 0x0000000707700000| Untracked 
| 104|0x0000000707800000, 0x0000000707800000, 0x0000000707900000|  0%| F|  |TAMS 0x0000000707800000, 0x0000000707800000| Untracked 
| 105|0x0000000707900000, 0x0000000707900000, 0x0000000707a00000|  0%| F|  |TAMS 0x0000000707900000, 0x0000000707900000| Untracked 
| 106|0x0000000707a00000, 0x0000000707a00000, 0x0000000707b00000|  0%| F|  |TAMS 0x0000000707a00000, 0x0000000707a00000| Untracked 
| 107|0x0000000707b00000, 0x0000000707b00000, 0x0000000707c00000|  0%| F|  |TAMS 0x0000000707b00000, 0x0000000707b00000| Untracked 
| 108|0x0000000707c00000, 0x0000000707c00000, 0x0000000707d00000|  0%| F|  |TAMS 0x0000000707c00000, 0x0000000707c00000| Untracked 
| 109|0x0000000707d00000, 0x0000000707d00000, 0x0000000707e00000|  0%| F|  |TAMS 0x0000000707d00000, 0x0000000707d00000| Untracked 
| 110|0x0000000707e00000, 0x0000000707e00000, 0x0000000707f00000|  0%| F|  |TAMS 0x0000000707e00000, 0x0000000707e00000| Untracked 
| 111|0x0000000707f00000, 0x0000000707f00000, 0x0000000708000000|  0%| F|  |TAMS 0x0000000707f00000, 0x0000000707f00000| Untracked 
| 112|0x0000000708000000, 0x0000000708000000, 0x0000000708100000|  0%| F|  |TAMS 0x0000000708000000, 0x0000000708000000| Untracked 
| 113|0x0000000708100000, 0x0000000708100000, 0x0000000708200000|  0%| F|  |TAMS 0x0000000708100000, 0x0000000708100000| Untracked 
| 114|0x0000000708200000, 0x0000000708200000, 0x0000000708300000|  0%| F|  |TAMS 0x0000000708200000, 0x0000000708200000| Untracked 
| 115|0x0000000708300000, 0x0000000708300000, 0x0000000708400000|  0%| F|  |TAMS 0x0000000708300000, 0x0000000708300000| Untracked 
| 116|0x0000000708400000, 0x0000000708400000, 0x0000000708500000|  0%| F|  |TAMS 0x0000000708400000, 0x0000000708400000| Untracked 
| 117|0x0000000708500000, 0x0000000708500000, 0x0000000708600000|  0%| F|  |TAMS 0x0000000708500000, 0x0000000708500000| Untracked 
| 118|0x0000000708600000, 0x0000000708600000, 0x0000000708700000|  0%| F|  |TAMS 0x0000000708600000, 0x0000000708600000| Untracked 
| 119|0x0000000708700000, 0x0000000708700000, 0x0000000708800000|  0%| F|  |TAMS 0x0000000708700000, 0x0000000708700000| Untracked 
| 120|0x0000000708800000, 0x0000000708800000, 0x0000000708900000|  0%| F|  |TAMS 0x0000000708800000, 0x0000000708800000| Untracked 
| 121|0x0000000708900000, 0x0000000708900000, 0x0000000708a00000|  0%| F|  |TAMS 0x0000000708900000, 0x0000000708900000| Untracked 
| 122|0x0000000708a00000, 0x0000000708a00000, 0x0000000708b00000|  0%| F|  |TAMS 0x0000000708a00000, 0x0000000708a00000| Untracked 
| 123|0x0000000708b00000, 0x0000000708b00000, 0x0000000708c00000|  0%| F|  |TAMS 0x0000000708b00000, 0x0000000708b00000| Untracked 
| 124|0x0000000708c00000, 0x0000000708c00000, 0x0000000708d00000|  0%| F|  |TAMS 0x0000000708c00000, 0x0000000708c00000| Untracked 
| 125|0x0000000708d00000, 0x0000000708d00000, 0x0000000708e00000|  0%| F|  |TAMS 0x0000000708d00000, 0x0000000708d00000| Untracked 
| 126|0x0000000708e00000, 0x0000000708e00000, 0x0000000708f00000|  0%| F|  |TAMS 0x0000000708e00000, 0x0000000708e00000| Untracked 
| 127|0x0000000708f00000, 0x0000000708f00000, 0x0000000709000000|  0%| F|  |TAMS 0x0000000708f00000, 0x0000000708f00000| Untracked 
| 128|0x0000000709000000, 0x0000000709000000, 0x0000000709100000|  0%| F|  |TAMS 0x0000000709000000, 0x0000000709000000| Untracked 
| 129|0x0000000709100000, 0x0000000709100000, 0x0000000709200000|  0%| F|  |TAMS 0x0000000709100000, 0x0000000709100000| Untracked 
| 130|0x0000000709200000, 0x0000000709200000, 0x0000000709300000|  0%| F|  |TAMS 0x0000000709200000, 0x0000000709200000| Untracked 
| 131|0x0000000709300000, 0x0000000709300000, 0x0000000709400000|  0%| F|  |TAMS 0x0000000709300000, 0x0000000709300000| Untracked 
| 132|0x0000000709400000, 0x0000000709400000, 0x0000000709500000|  0%| F|  |TAMS 0x0000000709400000, 0x0000000709400000| Untracked 
| 133|0x0000000709500000, 0x0000000709500000, 0x0000000709600000|  0%| F|  |TAMS 0x0000000709500000, 0x0000000709500000| Untracked 
| 134|0x0000000709600000, 0x0000000709600000, 0x0000000709700000|  0%| F|  |TAMS 0x0000000709600000, 0x0000000709600000| Untracked 
| 135|0x0000000709700000, 0x0000000709700000, 0x0000000709800000|  0%| F|  |TAMS 0x0000000709700000, 0x0000000709700000| Untracked 
| 136|0x0000000709800000, 0x0000000709800000, 0x0000000709900000|  0%| F|  |TAMS 0x0000000709800000, 0x0000000709800000| Untracked 
| 137|0x0000000709900000, 0x0000000709900000, 0x0000000709a00000|  0%| F|  |TAMS 0x0000000709900000, 0x0000000709900000| Untracked 
| 138|0x0000000709a00000, 0x0000000709a00000, 0x0000000709b00000|  0%| F|  |TAMS 0x0000000709a00000, 0x0000000709a00000| Untracked 
| 139|0x0000000709b00000, 0x0000000709b00000, 0x0000000709c00000|  0%| F|  |TAMS 0x0000000709b00000, 0x0000000709b00000| Untracked 
| 140|0x0000000709c00000, 0x0000000709c00000, 0x0000000709d00000|  0%| F|  |TAMS 0x0000000709c00000, 0x0000000709c00000| Untracked 
| 141|0x0000000709d00000, 0x0000000709d00000, 0x0000000709e00000|  0%| F|  |TAMS 0x0000000709d00000, 0x0000000709d00000| Untracked 
| 142|0x0000000709e00000, 0x0000000709e00000, 0x0000000709f00000|  0%| F|  |TAMS 0x0000000709e00000, 0x0000000709e00000| Untracked 
| 143|0x0000000709f00000, 0x0000000709f00000, 0x000000070a000000|  0%| F|  |TAMS 0x0000000709f00000, 0x0000000709f00000| Untracked 
| 144|0x000000070a000000, 0x000000070a000000, 0x000000070a100000|  0%| F|  |TAMS 0x000000070a000000, 0x000000070a000000| Untracked 
| 145|0x000000070a100000, 0x000000070a100000, 0x000000070a200000|  0%| F|  |TAMS 0x000000070a100000, 0x000000070a100000| Untracked 
| 146|0x000000070a200000, 0x000000070a200000, 0x000000070a300000|  0%| F|  |TAMS 0x000000070a200000, 0x000000070a200000| Untracked 
| 147|0x000000070a300000, 0x000000070a300000, 0x000000070a400000|  0%| F|  |TAMS 0x000000070a300000, 0x000000070a300000| Untracked 
| 148|0x000000070a400000, 0x000000070a400000, 0x000000070a500000|  0%| F|  |TAMS 0x000000070a400000, 0x000000070a400000| Untracked 
| 149|0x000000070a500000, 0x000000070a500000, 0x000000070a600000|  0%| F|  |TAMS 0x000000070a500000, 0x000000070a500000| Untracked 
| 150|0x000000070a600000, 0x000000070a600000, 0x000000070a700000|  0%| F|  |TAMS 0x000000070a600000, 0x000000070a600000| Untracked 
| 151|0x000000070a700000, 0x000000070a700000, 0x000000070a800000|  0%| F|  |TAMS 0x000000070a700000, 0x000000070a700000| Untracked 
| 152|0x000000070a800000, 0x000000070a800000, 0x000000070a900000|  0%| F|  |TAMS 0x000000070a800000, 0x000000070a800000| Untracked 
| 153|0x000000070a900000, 0x000000070a900000, 0x000000070aa00000|  0%| F|  |TAMS 0x000000070a900000, 0x000000070a900000| Untracked 
| 154|0x000000070aa00000, 0x000000070aa00000, 0x000000070ab00000|  0%| F|  |TAMS 0x000000070aa00000, 0x000000070aa00000| Untracked 
| 155|0x000000070ab00000, 0x000000070ab00000, 0x000000070ac00000|  0%| F|  |TAMS 0x000000070ab00000, 0x000000070ab00000| Untracked 
| 156|0x000000070ac00000, 0x000000070ac00000, 0x000000070ad00000|  0%| F|  |TAMS 0x000000070ac00000, 0x000000070ac00000| Untracked 
| 157|0x000000070ad00000, 0x000000070ad00000, 0x000000070ae00000|  0%| F|  |TAMS 0x000000070ad00000, 0x000000070ad00000| Untracked 
| 158|0x000000070ae00000, 0x000000070ae00000, 0x000000070af00000|  0%| F|  |TAMS 0x000000070ae00000, 0x000000070ae00000| Untracked 
| 159|0x000000070af00000, 0x000000070af00000, 0x000000070b000000|  0%| F|  |TAMS 0x000000070af00000, 0x000000070af00000| Untracked 
| 160|0x000000070b000000, 0x000000070b000000, 0x000000070b100000|  0%| F|  |TAMS 0x000000070b000000, 0x000000070b000000| Untracked 
| 161|0x000000070b100000, 0x000000070b100000, 0x000000070b200000|  0%| F|  |TAMS 0x000000070b100000, 0x000000070b100000| Untracked 
| 162|0x000000070b200000, 0x000000070b200000, 0x000000070b300000|  0%| F|  |TAMS 0x000000070b200000, 0x000000070b200000| Untracked 
| 163|0x000000070b300000, 0x000000070b300000, 0x000000070b400000|  0%| F|  |TAMS 0x000000070b300000, 0x000000070b300000| Untracked 
| 164|0x000000070b400000, 0x000000070b400000, 0x000000070b500000|  0%| F|  |TAMS 0x000000070b400000, 0x000000070b400000| Untracked 
| 165|0x000000070b500000, 0x000000070b500000, 0x000000070b600000|  0%| F|  |TAMS 0x000000070b500000, 0x000000070b500000| Untracked 
| 166|0x000000070b600000, 0x000000070b600000, 0x000000070b700000|  0%| F|  |TAMS 0x000000070b600000, 0x000000070b600000| Untracked 
| 167|0x000000070b700000, 0x000000070b700000, 0x000000070b800000|  0%| F|  |TAMS 0x000000070b700000, 0x000000070b700000| Untracked 
| 168|0x000000070b800000, 0x000000070b800000, 0x000000070b900000|  0%| F|  |TAMS 0x000000070b800000, 0x000000070b800000| Untracked 
| 169|0x000000070b900000, 0x000000070b900000, 0x000000070ba00000|  0%| F|  |TAMS 0x000000070b900000, 0x000000070b900000| Untracked 
| 170|0x000000070ba00000, 0x000000070ba00000, 0x000000070bb00000|  0%| F|  |TAMS 0x000000070ba00000, 0x000000070ba00000| Untracked 
| 171|0x000000070bb00000, 0x000000070bb00000, 0x000000070bc00000|  0%| F|  |TAMS 0x000000070bb00000, 0x000000070bb00000| Untracked 
| 172|0x000000070bc00000, 0x000000070bc00000, 0x000000070bd00000|  0%| F|  |TAMS 0x000000070bc00000, 0x000000070bc00000| Untracked 
| 173|0x000000070bd00000, 0x000000070bd00000, 0x000000070be00000|  0%| F|  |TAMS 0x000000070bd00000, 0x000000070bd00000| Untracked 
| 174|0x000000070be00000, 0x000000070be00000, 0x000000070bf00000|  0%| F|  |TAMS 0x000000070be00000, 0x000000070be00000| Untracked 
| 175|0x000000070bf00000, 0x000000070bf00000, 0x000000070c000000|  0%| F|  |TAMS 0x000000070bf00000, 0x000000070bf00000| Untracked 
| 176|0x000000070c000000, 0x000000070c000000, 0x000000070c100000|  0%| F|  |TAMS 0x000000070c000000, 0x000000070c000000| Untracked 
| 177|0x000000070c100000, 0x000000070c100000, 0x000000070c200000|  0%| F|  |TAMS 0x000000070c100000, 0x000000070c100000| Untracked 
| 178|0x000000070c200000, 0x000000070c200000, 0x000000070c300000|  0%| F|  |TAMS 0x000000070c200000, 0x000000070c200000| Untracked 
| 179|0x000000070c300000, 0x000000070c300000, 0x000000070c400000|  0%| F|  |TAMS 0x000000070c300000, 0x000000070c300000| Untracked 
| 180|0x000000070c400000, 0x000000070c400000, 0x000000070c500000|  0%| F|  |TAMS 0x000000070c400000, 0x000000070c400000| Untracked 
| 181|0x000000070c500000, 0x000000070c500000, 0x000000070c600000|  0%| F|  |TAMS 0x000000070c500000, 0x000000070c500000| Untracked 
| 182|0x000000070c600000, 0x000000070c600000, 0x000000070c700000|  0%| F|  |TAMS 0x000000070c600000, 0x000000070c600000| Untracked 
| 183|0x000000070c700000, 0x000000070c700000, 0x000000070c800000|  0%| F|  |TAMS 0x000000070c700000, 0x000000070c700000| Untracked 
| 184|0x000000070c800000, 0x000000070c800000, 0x000000070c900000|  0%| F|  |TAMS 0x000000070c800000, 0x000000070c800000| Untracked 
| 185|0x000000070c900000, 0x000000070c900000, 0x000000070ca00000|  0%| F|  |TAMS 0x000000070c900000, 0x000000070c900000| Untracked 
| 186|0x000000070ca00000, 0x000000070ca00000, 0x000000070cb00000|  0%| F|  |TAMS 0x000000070ca00000, 0x000000070ca00000| Untracked 
| 187|0x000000070cb00000, 0x000000070cb00000, 0x000000070cc00000|  0%| F|  |TAMS 0x000000070cb00000, 0x000000070cb00000| Untracked 
| 188|0x000000070cc00000, 0x000000070cc00000, 0x000000070cd00000|  0%| F|  |TAMS 0x000000070cc00000, 0x000000070cc00000| Untracked 
| 189|0x000000070cd00000, 0x000000070cd00000, 0x000000070ce00000|  0%| F|  |TAMS 0x000000070cd00000, 0x000000070cd00000| Untracked 
| 190|0x000000070ce00000, 0x000000070ce00000, 0x000000070cf00000|  0%| F|  |TAMS 0x000000070ce00000, 0x000000070ce00000| Untracked 
| 191|0x000000070cf00000, 0x000000070cf00000, 0x000000070d000000|  0%| F|  |TAMS 0x000000070cf00000, 0x000000070cf00000| Untracked 
| 192|0x000000070d000000, 0x000000070d000000, 0x000000070d100000|  0%| F|  |TAMS 0x000000070d000000, 0x000000070d000000| Untracked 
| 193|0x000000070d100000, 0x000000070d100000, 0x000000070d200000|  0%| F|  |TAMS 0x000000070d100000, 0x000000070d100000| Untracked 
| 194|0x000000070d200000, 0x000000070d200000, 0x000000070d300000|  0%| F|  |TAMS 0x000000070d200000, 0x000000070d200000| Untracked 
| 195|0x000000070d300000, 0x000000070d300000, 0x000000070d400000|  0%| F|  |TAMS 0x000000070d300000, 0x000000070d300000| Untracked 
| 196|0x000000070d400000, 0x000000070d400000, 0x000000070d500000|  0%| F|  |TAMS 0x000000070d400000, 0x000000070d400000| Untracked 
| 197|0x000000070d500000, 0x000000070d500000, 0x000000070d600000|  0%| F|  |TAMS 0x000000070d500000, 0x000000070d500000| Untracked 
| 198|0x000000070d600000, 0x000000070d600000, 0x000000070d700000|  0%| F|  |TAMS 0x000000070d600000, 0x000000070d600000| Untracked 
| 199|0x000000070d700000, 0x000000070d700000, 0x000000070d800000|  0%| F|  |TAMS 0x000000070d700000, 0x000000070d700000| Untracked 
| 200|0x000000070d800000, 0x000000070d800000, 0x000000070d900000|  0%| F|  |TAMS 0x000000070d800000, 0x000000070d800000| Untracked 
| 201|0x000000070d900000, 0x000000070d900000, 0x000000070da00000|  0%| F|  |TAMS 0x000000070d900000, 0x000000070d900000| Untracked 
| 202|0x000000070da00000, 0x000000070da00000, 0x000000070db00000|  0%| F|  |TAMS 0x000000070da00000, 0x000000070da00000| Untracked 
| 203|0x000000070db00000, 0x000000070db00000, 0x000000070dc00000|  0%| F|  |TAMS 0x000000070db00000, 0x000000070db00000| Untracked 
| 204|0x000000070dc00000, 0x000000070dc00000, 0x000000070dd00000|  0%| F|  |TAMS 0x000000070dc00000, 0x000000070dc00000| Untracked 
| 205|0x000000070dd00000, 0x000000070dd00000, 0x000000070de00000|  0%| F|  |TAMS 0x000000070dd00000, 0x000000070dd00000| Untracked 
| 206|0x000000070de00000, 0x000000070de00000, 0x000000070df00000|  0%| F|  |TAMS 0x000000070de00000, 0x000000070de00000| Untracked 
| 207|0x000000070df00000, 0x000000070df00000, 0x000000070e000000|  0%| F|  |TAMS 0x000000070df00000, 0x000000070df00000| Untracked 
| 208|0x000000070e000000, 0x000000070e000000, 0x000000070e100000|  0%| F|  |TAMS 0x000000070e000000, 0x000000070e000000| Untracked 
| 209|0x000000070e100000, 0x000000070e100000, 0x000000070e200000|  0%| F|  |TAMS 0x000000070e100000, 0x000000070e100000| Untracked 
| 210|0x000000070e200000, 0x000000070e200000, 0x000000070e300000|  0%| F|  |TAMS 0x000000070e200000, 0x000000070e200000| Untracked 
| 211|0x000000070e300000, 0x000000070e300000, 0x000000070e400000|  0%| F|  |TAMS 0x000000070e300000, 0x000000070e300000| Untracked 
| 212|0x000000070e400000, 0x000000070e400000, 0x000000070e500000|  0%| F|  |TAMS 0x000000070e400000, 0x000000070e400000| Untracked 
| 213|0x000000070e500000, 0x000000070e500000, 0x000000070e600000|  0%| F|  |TAMS 0x000000070e500000, 0x000000070e500000| Untracked 
| 214|0x000000070e600000, 0x000000070e600000, 0x000000070e700000|  0%| F|  |TAMS 0x000000070e600000, 0x000000070e600000| Untracked 
| 215|0x000000070e700000, 0x000000070e700000, 0x000000070e800000|  0%| F|  |TAMS 0x000000070e700000, 0x000000070e700000| Untracked 
| 216|0x000000070e800000, 0x000000070e800000, 0x000000070e900000|  0%| F|  |TAMS 0x000000070e800000, 0x000000070e800000| Untracked 
| 217|0x000000070e900000, 0x000000070e900000, 0x000000070ea00000|  0%| F|  |TAMS 0x000000070e900000, 0x000000070e900000| Untracked 
| 218|0x000000070ea00000, 0x000000070ea00000, 0x000000070eb00000|  0%| F|  |TAMS 0x000000070ea00000, 0x000000070ea00000| Untracked 
| 219|0x000000070eb00000, 0x000000070eb00000, 0x000000070ec00000|  0%| F|  |TAMS 0x000000070eb00000, 0x000000070eb00000| Untracked 
| 220|0x000000070ec00000, 0x000000070ec00000, 0x000000070ed00000|  0%| F|  |TAMS 0x000000070ec00000, 0x000000070ec00000| Untracked 
| 221|0x000000070ed00000, 0x000000070ed00000, 0x000000070ee00000|  0%| F|  |TAMS 0x000000070ed00000, 0x000000070ed00000| Untracked 
| 222|0x000000070ee00000, 0x000000070ee00000, 0x000000070ef00000|  0%| F|  |TAMS 0x000000070ee00000, 0x000000070ee00000| Untracked 
| 223|0x000000070ef00000, 0x000000070ef00000, 0x000000070f000000|  0%| F|  |TAMS 0x000000070ef00000, 0x000000070ef00000| Untracked 
| 224|0x000000070f000000, 0x000000070f000000, 0x000000070f100000|  0%| F|  |TAMS 0x000000070f000000, 0x000000070f000000| Untracked 
| 225|0x000000070f100000, 0x000000070f100000, 0x000000070f200000|  0%| F|  |TAMS 0x000000070f100000, 0x000000070f100000| Untracked 
| 226|0x000000070f200000, 0x000000070f200000, 0x000000070f300000|  0%| F|  |TAMS 0x000000070f200000, 0x000000070f200000| Untracked 
| 227|0x000000070f300000, 0x000000070f300000, 0x000000070f400000|  0%| F|  |TAMS 0x000000070f300000, 0x000000070f300000| Untracked 
| 228|0x000000070f400000, 0x000000070f400000, 0x000000070f500000|  0%| F|  |TAMS 0x000000070f400000, 0x000000070f400000| Untracked 
| 229|0x000000070f500000, 0x000000070f500000, 0x000000070f600000|  0%| F|  |TAMS 0x000000070f500000, 0x000000070f500000| Untracked 
| 230|0x000000070f600000, 0x000000070f600000, 0x000000070f700000|  0%| F|  |TAMS 0x000000070f600000, 0x000000070f600000| Untracked 
| 231|0x000000070f700000, 0x000000070f700000, 0x000000070f800000|  0%| F|  |TAMS 0x000000070f700000, 0x000000070f700000| Untracked 
| 232|0x000000070f800000, 0x000000070f800000, 0x000000070f900000|  0%| F|  |TAMS 0x000000070f800000, 0x000000070f800000| Untracked 
| 233|0x000000070f900000, 0x000000070f900000, 0x000000070fa00000|  0%| F|  |TAMS 0x000000070f900000, 0x000000070f900000| Untracked 
| 234|0x000000070fa00000, 0x000000070fa00000, 0x000000070fb00000|  0%| F|  |TAMS 0x000000070fa00000, 0x000000070fa00000| Untracked 
| 235|0x000000070fb00000, 0x000000070fb00000, 0x000000070fc00000|  0%| F|  |TAMS 0x000000070fb00000, 0x000000070fb00000| Untracked 
| 236|0x000000070fc00000, 0x000000070fc00000, 0x000000070fd00000|  0%| F|  |TAMS 0x000000070fc00000, 0x000000070fc00000| Untracked 
| 237|0x000000070fd00000, 0x000000070fd00000, 0x000000070fe00000|  0%| F|  |TAMS 0x000000070fd00000, 0x000000070fd00000| Untracked 
| 238|0x000000070fe00000, 0x000000070fe7b658, 0x000000070ff00000| 48%| E|  |TAMS 0x000000070fe00000, 0x000000070fe00000| Complete 
| 239|0x000000070ff00000, 0x0000000710000000, 0x0000000710000000|100%| E|CS|TAMS 0x000000070ff00000, 0x000000070ff00000| Complete 
| 240|0x0000000710000000, 0x0000000710100000, 0x0000000710100000|100%| E|CS|TAMS 0x0000000710000000, 0x0000000710000000| Complete 
| 241|0x0000000710100000, 0x0000000710200000, 0x0000000710200000|100%| E|  |TAMS 0x0000000710100000, 0x0000000710100000| Complete 
| 242|0x0000000710200000, 0x0000000710300000, 0x0000000710300000|100%| E|CS|TAMS 0x0000000710200000, 0x0000000710200000| Complete 
| 243|0x0000000710300000, 0x0000000710400000, 0x0000000710400000|100%| E|CS|TAMS 0x0000000710300000, 0x0000000710300000| Complete 
| 244|0x0000000710400000, 0x0000000710500000, 0x0000000710500000|100%| E|CS|TAMS 0x0000000710400000, 0x0000000710400000| Complete 
| 245|0x0000000710500000, 0x0000000710600000, 0x0000000710600000|100%| E|CS|TAMS 0x0000000710500000, 0x0000000710500000| Complete 
| 246|0x0000000710600000, 0x0000000710700000, 0x0000000710700000|100%| E|CS|TAMS 0x0000000710600000, 0x0000000710600000| Complete 
| 247|0x0000000710700000, 0x0000000710800000, 0x0000000710800000|100%| E|CS|TAMS 0x0000000710700000, 0x0000000710700000| Complete 
| 248|0x0000000710800000, 0x0000000710900000, 0x0000000710900000|100%| E|CS|TAMS 0x0000000710800000, 0x0000000710800000| Complete 
| 249|0x0000000710900000, 0x0000000710a00000, 0x0000000710a00000|100%| E|CS|TAMS 0x0000000710900000, 0x0000000710900000| Complete 
| 250|0x0000000710a00000, 0x0000000710b00000, 0x0000000710b00000|100%| E|CS|TAMS 0x0000000710a00000, 0x0000000710a00000| Complete 
| 251|0x0000000710b00000, 0x0000000710c00000, 0x0000000710c00000|100%| E|CS|TAMS 0x0000000710b00000, 0x0000000710b00000| Complete 
| 252|0x0000000710c00000, 0x0000000710d00000, 0x0000000710d00000|100%| E|CS|TAMS 0x0000000710c00000, 0x0000000710c00000| Complete 
| 253|0x0000000710d00000, 0x0000000710e00000, 0x0000000710e00000|100%| E|CS|TAMS 0x0000000710d00000, 0x0000000710d00000| Complete 
| 254|0x0000000710e00000, 0x0000000710f00000, 0x0000000710f00000|100%| E|CS|TAMS 0x0000000710e00000, 0x0000000710e00000| Complete 
| 255|0x0000000710f00000, 0x0000000711000000, 0x0000000711000000|100%| E|CS|TAMS 0x0000000710f00000, 0x0000000710f00000| Complete 

Card table byte_map: [0x000002ab17430000,0x000002ab17c30000] _byte_map_base: 0x000002ab13c28000

Marking Bits (Prev, Next): (CMBitMap*) 0x000002ab7eb3d058, (CMBitMap*) 0x000002ab7eb3d098
 Prev Bits: [0x000002ab18430000, 0x000002ab1c3f0000)
 Next Bits: [0x000002ab1c3f0000, 0x000002ab203b0000)

Polling page: 0x000002ab7c900000

Metaspace:

Usage:
  Non-class:      7.69 MB capacity,     4.93 MB ( 64%) used,     2.75 MB ( 36%) free+waste,     8.00 KB ( <1%) overhead. 
      Class:    596.00 KB capacity,   271.21 KB ( 46%) used,   321.48 KB ( 54%) free+waste,     3.31 KB ( <1%) overhead. 
       Both:      8.27 MB capacity,     5.20 MB ( 63%) used,     3.07 MB ( 37%) free+waste,    11.31 KB ( <1%) overhead. 

Virtual space:
  Non-class space:        8.00 MB reserved,       8.00 MB (100%) committed 
      Class space:        1.00 GB reserved,     640.00 KB ( <1%) committed 
             Both:        1.01 GB reserved,       8.63 MB ( <1%) committed 

Chunk freelists:
   Non-Class:  123.00 KB
       Class:  12.00 KB
        Both:  135.00 KB

MaxMetaspaceSize: 17179869184.00 GB
CompressedClassSpaceSize: 1.00 GB

CodeHeap 'non-profiled nmethods': size=120000Kb used=229Kb max_used=229Kb free=119770Kb
 bounds [0x000002ab0ff00000, 0x000002ab10170000, 0x000002ab17430000]
CodeHeap 'profiled nmethods': size=120000Kb used=1313Kb max_used=1313Kb free=118686Kb
 bounds [0x000002ab089d0000, 0x000002ab08c40000, 0x000002ab0ff00000]
CodeHeap 'non-nmethods': size=5760Kb used=1596Kb max_used=1610Kb free=4163Kb
 bounds [0x000002ab08430000, 0x000002ab086a0000, 0x000002ab089d0000]
 total_blobs=2145 nmethods=724 adapters=884
 compilation: enabled
              stopped_count=0, restarted_count=0
 full_count=0

Compilation events (20 events):
Event: 0.986 Thread 0x000002ab234bc000  714       3       org.lwjgl.system.CheckIntrinsics::checkIndex (6 bytes)
Event: 0.986 Thread 0x000002ab234bc000 nmethod 714 0x000002ab08b0d390 code [0x000002ab08b0d5a0, 0x000002ab08b0dd30]
Event: 0.986 Thread 0x000002ab234bc000  716       3       java.util.Vector::add (23 bytes)
Event: 0.986 Thread 0x000002ab234bc000 nmethod 716 0x000002ab08b0df90 code [0x000002ab08b0e160, 0x000002ab08b0e5b0]
Event: 0.989 Thread 0x000002ab234bc000  717   !   3       jdk.internal.loader.URLClassPath$FileLoader::getResource (164 bytes)
Event: 0.990 Thread 0x000002ab234bc000 nmethod 717 0x000002ab08b0e790 code [0x000002ab08b0eb00, 0x000002ab08b0fff0]
Event: 0.990 Thread 0x000002ab234bc000  718       3       java.io.File::<init> (111 bytes)
Event: 0.991 Thread 0x000002ab234bc000 nmethod 718 0x000002ab08b10990 code [0x000002ab08b10c40, 0x000002ab08b11710]
Event: 0.991 Thread 0x000002ab234bc000  719       3       java.util.zip.ZipFile::getZipEntry (309 bytes)
Event: 0.992 Thread 0x000002ab234bc000 nmethod 719 0x000002ab08b11a90 code [0x000002ab08b11e00, 0x000002ab08b13c90]
Event: 0.992 Thread 0x000002ab234bc000  720       3       jdk.internal.org.objectweb.asm.SymbolTable::addConstantClass (8 bytes)
Event: 0.993 Thread 0x000002ab234bc000 nmethod 720 0x000002ab08b14810 code [0x000002ab08b149c0, 0x000002ab08b14b70]
Event: 0.995 Thread 0x000002ab234bc000  721       3       sun.net.util.URLUtil::urlNoFragString (114 bytes)
Event: 0.996 Thread 0x000002ab234bc000 nmethod 721 0x000002ab08b14c10 code [0x000002ab08b14f60, 0x000002ab08b16290]
Event: 0.997 Thread 0x000002ab234bc000  722   !   3       java.util.zip.Inflater::needsInput (55 bytes)
Event: 0.997 Thread 0x000002ab234bc000 nmethod 722 0x000002ab08b16910 code [0x000002ab08b16ae0, 0x000002ab08b16ff8]
Event: 0.997 Thread 0x000002ab234bc000  723       3       java.security.CodeSource::<init> (52 bytes)
Event: 0.997 Thread 0x000002ab234bc000 nmethod 723 0x000002ab08b17110 code [0x000002ab08b17300, 0x000002ab08b178e0]
Event: 0.997 Thread 0x000002ab234bc000  724       3       java.security.SecureClassLoader::getProtectionDomain (38 bytes)
Event: 0.997 Thread 0x000002ab234bc000 nmethod 724 0x000002ab08b17a10 code [0x000002ab08b17c00, 0x000002ab08b18330]

GC Heap History (0 events):
No events

Deoptimization events (20 events):
Event: 0.153 Thread 0x000002ab7ead0000 DEOPT PACKING pc=0x000002ab0ff17190 sp=0x000000fec38fc2e0
Event: 0.153 Thread 0x000002ab7ead0000 DEOPT UNPACKING pc=0x000002ab0847912f sp=0x000000fec38fc268 mode 2
Event: 0.188 Thread 0x000002ab7ead0000 Uncommon trap: trap_request=0xffffff45 fr.pc=0x000002ab0ff08f88 relative=0x0000000000000068
Event: 0.188 Thread 0x000002ab7ead0000 Uncommon trap: reason=unstable_if action=reinterpret pc=0x000002ab0ff08f88 method=java.lang.String.isLatin1()Z @ 10 c2
Event: 0.188 Thread 0x000002ab7ead0000 DEOPT PACKING pc=0x000002ab0ff08f88 sp=0x000000fec38fd0b0
Event: 0.188 Thread 0x000002ab7ead0000 DEOPT UNPACKING pc=0x000002ab0847912f sp=0x000000fec38fd040 mode 2
Event: 0.188 Thread 0x000002ab7ead0000 Uncommon trap: trap_request=0xffffff45 fr.pc=0x000002ab0ff07a64 relative=0x0000000000000044
Event: 0.188 Thread 0x000002ab7ead0000 Uncommon trap: reason=unstable_if action=reinterpret pc=0x000002ab0ff07a64 method=java.lang.CharacterData.of(I)Ljava/lang/CharacterData; @ 4 c2
Event: 0.188 Thread 0x000002ab7ead0000 DEOPT PACKING pc=0x000002ab0ff07a64 sp=0x000000fec38fcbe0
Event: 0.188 Thread 0x000002ab7ead0000 DEOPT UNPACKING pc=0x000002ab0847912f sp=0x000000fec38fcb80 mode 2
Event: 0.825 Thread 0x000002ab7ead0000 Uncommon trap: trap_request=0xffffff54 fr.pc=0x000002ab0ff28390 relative=0x0000000000000070
Event: 0.825 Thread 0x000002ab7ead0000 Uncommon trap: reason=speculate_null_assert action=make_not_entrant pc=0x000002ab0ff28390 method=sun.misc.Unsafe.putLong(Ljava/lang/Object;JJ)V @ 7 c2
Event: 0.825 Thread 0x000002ab7ead0000 DEOPT PACKING pc=0x000002ab0ff28390 sp=0x000000fec38fecf0
Event: 0.825 Thread 0x000002ab7ead0000 DEOPT UNPACKING pc=0x000002ab0847912f sp=0x000000fec38fec68 mode 2
Event: 0.826 Thread 0x000002ab7ead0000 Uncommon trap: trap_request=0xffffff54 fr.pc=0x000002ab0ff28c88 relative=0x0000000000000068
Event: 0.826 Thread 0x000002ab7ead0000 Uncommon trap: reason=speculate_null_assert action=make_not_entrant pc=0x000002ab0ff28c88 method=sun.misc.Unsafe.getLong(Ljava/lang/Object;J)J @ 5 c2
Event: 0.826 Thread 0x000002ab7ead0000 DEOPT PACKING pc=0x000002ab0ff28c88 sp=0x000000fec38fec70
Event: 0.826 Thread 0x000002ab7ead0000 DEOPT UNPACKING pc=0x000002ab0847912f sp=0x000000fec38febf8 mode 2
Event: 0.925 Thread 0x000002ab7ead0000 DEOPT PACKING pc=0x000002ab08a18bdf sp=0x000000fec38fd4f0
Event: 0.925 Thread 0x000002ab7ead0000 DEOPT UNPACKING pc=0x000002ab0847964e sp=0x000000fec38fc940 mode 0

Classes unloaded (0 events):
No events

Classes redefined (0 events):
No events

Internal exceptions (10 events):
Event: 0.132 Thread 0x000002ab7ead0000 Exception <a 'java/lang/NoSuchMethodError'{0x0000000710c0c530}: 'void java.lang.invoke.DelegatingMethodHandle$Holder.delegate(java.lang.Object, java.lang.Object, int, java.lang.Object)'> (0x0000000710c0c530) 
thrown [t:/workspace/open/src/hotspot/share/interpreter/linkResolver.cpp, line 767]
Event: 0.133 Thread 0x000002ab7ead0000 Exception <a 'java/lang/NoSuchMethodError'{0x0000000710c12fe0}: 'java.lang.Object java.lang.invoke.DirectMethodHandle$Holder.invokeStaticInit(java.lang.Object, java.lang.Object, java.lang.Object)'> (0x0000000710c12fe0) 
thrown [t:/workspace/open/src/hotspot/share/interpreter/linkResolver.cpp, line 767]
Event: 0.176 Thread 0x000002ab7ead0000 Exception <a 'sun/nio/fs/WindowsException'{0x0000000710ce2990}> (0x0000000710ce2990) 
thrown [t:/workspace/open/src/hotspot/share/prims/jni.cpp, line 598]
Event: 0.176 Thread 0x000002ab7ead0000 Exception <a 'sun/nio/fs/WindowsException'{0x0000000710ce2ef0}> (0x0000000710ce2ef0) 
thrown [t:/workspace/open/src/hotspot/share/prims/jni.cpp, line 598]
Event: 0.198 Thread 0x000002ab7ead0000 Exception <a 'sun/nio/fs/WindowsException'{0x0000000710b620a0}> (0x0000000710b620a0) 
thrown [t:/workspace/open/src/hotspot/share/prims/jni.cpp, line 598]
Event: 0.198 Thread 0x000002ab7ead0000 Exception <a 'sun/nio/fs/WindowsException'{0x0000000710b62420}> (0x0000000710b62420) 
thrown [t:/workspace/open/src/hotspot/share/prims/jni.cpp, line 598]
Event: 0.778 Thread 0x000002ab7ead0000 Exception <a 'sun/nio/fs/WindowsException'{0x0000000710ab7fb8}> (0x0000000710ab7fb8) 
thrown [t:/workspace/open/src/hotspot/share/prims/jni.cpp, line 598]
Event: 0.778 Thread 0x000002ab7ead0000 Exception <a 'sun/nio/fs/WindowsException'{0x0000000710ab8370}> (0x0000000710ab8370) 
thrown [t:/workspace/open/src/hotspot/share/prims/jni.cpp, line 598]
Event: 0.783 Thread 0x000002ab7ead0000 Exception <a 'sun/nio/fs/WindowsException'{0x0000000710ad28c0}> (0x0000000710ad28c0) 
thrown [t:/workspace/open/src/hotspot/share/prims/jni.cpp, line 598]
Event: 0.783 Thread 0x000002ab7ead0000 Exception <a 'sun/nio/fs/WindowsException'{0x0000000710ad2bb0}> (0x0000000710ad2bb0) 
thrown [t:/workspace/open/src/hotspot/share/prims/jni.cpp, line 598]

Events (20 events):
Event: 0.988 loading class org/lwjgl/opengl/GL15C
Event: 0.988 loading class org/lwjgl/opengl/GL15C done
Event: 0.989 loading class org/lwjgl/opengl/GL14C
Event: 0.989 loading class org/lwjgl/opengl/GL14C done
Event: 0.989 loading class org/lwjgl/opengl/GL13C
Event: 0.989 loading class org/lwjgl/opengl/GL13C done
Event: 0.989 loading class org/lwjgl/opengl/GL12C
Event: 0.989 loading class org/lwjgl/opengl/GL12C done
Event: 0.991 loading class org/lwjgl/system/APIUtil$Encoder
Event: 0.991 loading class org/lwjgl/system/APIUtil$Encoder done
Event: 0.991 loading class org/lwjgl/system/APIUtil$Encoder
Event: 0.991 loading class org/lwjgl/system/APIUtil$Encoder done
Event: 0.992 loading class org/lwjgl/system/MultiReleaseTextDecoding
Event: 0.992 loading class org/lwjgl/system/MultiReleaseTextDecoding done
Event: 0.994 loading class org/lwjgl/opengl/GL30C
Event: 0.994 loading class org/lwjgl/opengl/GL30C done
Event: 0.995 loading class org/lwjgl/opengl/GL21C
Event: 0.995 loading class org/lwjgl/opengl/GL21C done
Event: 0.996 loading class org/lwjgl/glfw/EventLoop$OnScreen
Event: 0.996 loading class org/lwjgl/glfw/EventLoop$OnScreen done


Dynamic libraries:
0x00007ff7300c0000 - 0x00007ff7300cf000 	C:\Program Files\Java\jdk-13.0.2\bin\java.exe
0x00007ffee7300000 - 0x00007ffee74f0000 	C:\WINDOWS\SYSTEM32\ntdll.dll
0x00007ffee58d0000 - 0x00007ffee5982000 	C:\WINDOWS\System32\KERNEL32.DLL
0x00007ffee4340000 - 0x00007ffee45e5000 	C:\WINDOWS\System32\KERNELBASE.dll
0x00007ffee4fa0000 - 0x00007ffee509a000 	C:\WINDOWS\System32\ucrtbase.dll
0x00007ffed7310000 - 0x00007ffed7325000 	C:\Program Files\Java\jdk-13.0.2\bin\VCRUNTIME140.dll
0x00007ffed72d0000 - 0x00007ffed72e8000 	C:\Program Files\Java\jdk-13.0.2\bin\jli.dll
0x00007ffee61d0000 - 0x00007ffee6273000 	C:\WINDOWS\System32\ADVAPI32.dll
0x00007ffee7220000 - 0x00007ffee72be000 	C:\WINDOWS\System32\msvcrt.dll
0x00007ffee5bb0000 - 0x00007ffee5c47000 	C:\WINDOWS\System32\sechost.dll
0x00007ffee5760000 - 0x00007ffee587f000 	C:\WINDOWS\System32\RPCRT4.dll
0x00007ffee7080000 - 0x00007ffee7214000 	C:\WINDOWS\System32\USER32.dll
0x00007ffed6080000 - 0x00007ffed6304000 	C:\WINDOWS\WinSxS\amd64_microsoft.windows.common-controls_6595b64144ccf1df_6.0.18362.1379_none_9e7ff3b3e45cc0c4\COMCTL32.dll
0x00007ffee4310000 - 0x00007ffee4331000 	C:\WINDOWS\System32\win32u.dll
0x00007ffee6350000 - 0x00007ffee6687000 	C:\WINDOWS\System32\combase.dll
0x00007ffee58a0000 - 0x00007ffee58c6000 	C:\WINDOWS\System32\GDI32.dll
0x00007ffee4280000 - 0x00007ffee4301000 	C:\WINDOWS\System32\bcryptPrimitives.dll
0x00007ffee5210000 - 0x00007ffee53a8000 	C:\WINDOWS\System32\gdi32full.dll
0x00007ffee45f0000 - 0x00007ffee468e000 	C:\WINDOWS\System32\msvcp_win.dll
0x00007ffedfb90000 - 0x00007ffedfb9a000 	C:\WINDOWS\SYSTEM32\VERSION.dll
0x00007ffee53b0000 - 0x00007ffee53de000 	C:\WINDOWS\System32\IMM32.DLL
0x00007ffecef50000 - 0x00007ffecefeb000 	C:\Program Files\Java\jdk-13.0.2\bin\msvcp140.dll
0x00007ffe794d0000 - 0x00007ffe7a02d000 	C:\Program Files\Java\jdk-13.0.2\bin\server\jvm.dll
0x00007ffee6140000 - 0x00007ffee6148000 	C:\WINDOWS\System32\PSAPI.DLL
0x00007ffed47a0000 - 0x00007ffed47c4000 	C:\WINDOWS\SYSTEM32\WINMM.dll
0x00007ffecd940000 - 0x00007ffecd949000 	C:\WINDOWS\SYSTEM32\WSOCK32.dll
0x00007ffee6770000 - 0x00007ffee67df000 	C:\WINDOWS\System32\WS2_32.dll
0x00007ffed4720000 - 0x00007ffed474d000 	C:\WINDOWS\SYSTEM32\WINMMBASE.dll
0x00007ffee4ef0000 - 0x00007ffee4f3a000 	C:\WINDOWS\System32\cfgmgr32.dll
0x00007ffee41c0000 - 0x00007ffee41d1000 	C:\WINDOWS\System32\kernel.appcore.dll
0x00007ffee0300000 - 0x00007ffee0310000 	C:\Program Files\Java\jdk-13.0.2\bin\verify.dll
0x00007ffedf090000 - 0x00007ffedf284000 	C:\WINDOWS\SYSTEM32\DBGHELP.DLL
0x00007ffedf630000 - 0x00007ffedf65a000 	C:\WINDOWS\SYSTEM32\dbgcore.DLL
0x00007ffecf9b0000 - 0x00007ffecf9d6000 	C:\Program Files\Java\jdk-13.0.2\bin\java.dll
0x00007ffecf8e0000 - 0x00007ffecf8f7000 	C:\Program Files\Java\jdk-13.0.2\bin\zip.dll
0x00007ffed96b0000 - 0x00007ffed96ba000 	C:\Program Files\Java\jdk-13.0.2\bin\jimage.dll
0x00007ffee67e0000 - 0x00007ffee6ec8000 	C:\WINDOWS\System32\SHELL32.dll
0x00007ffee5510000 - 0x00007ffee55b7000 	C:\WINDOWS\System32\shcore.dll
0x00007ffee4770000 - 0x00007ffee4eeb000 	C:\WINDOWS\System32\windows.storage.dll
0x00007ffee41e0000 - 0x00007ffee4203000 	C:\WINDOWS\System32\profapi.dll
0x00007ffee4210000 - 0x00007ffee425a000 	C:\WINDOWS\System32\powrprof.dll
0x00007ffee41b0000 - 0x00007ffee41c0000 	C:\WINDOWS\System32\UMPDC.dll
0x00007ffee53e0000 - 0x00007ffee5432000 	C:\WINDOWS\System32\shlwapi.dll
0x00007ffee51f0000 - 0x00007ffee5207000 	C:\WINDOWS\System32\cryptsp.dll
0x00007ffecef30000 - 0x00007ffecef49000 	C:\Program Files\Java\jdk-13.0.2\bin\net.dll
0x00007ffedf830000 - 0x00007ffedf920000 	C:\WINDOWS\SYSTEM32\WINHTTP.dll
0x00007ffee3990000 - 0x00007ffee39f7000 	C:\WINDOWS\system32\mswsock.dll
0x00007ffecef10000 - 0x00007ffecef23000 	C:\Program Files\Java\jdk-13.0.2\bin\nio.dll
0x00007ffebe760000 - 0x00007ffebe7c4000 	C:\Users\Oliver\AppData\Local\Temp\lwjglOliver\3.2.3-build-13\lwjgl.dll
0x00007ffebe510000 - 0x00007ffebe572000 	C:\Users\Oliver\AppData\Local\Temp\lwjglOliver\3.2.3-build-13\glfw.dll
0x00007ffee2500000 - 0x00007ffee2599000 	C:\WINDOWS\system32\uxtheme.dll
0x00007ffec80b0000 - 0x00007ffec80f3000 	C:\WINDOWS\SYSTEM32\dinput8.dll
0x00007ffec44c0000 - 0x00007ffec44d1000 	C:\WINDOWS\SYSTEM32\xinput1_4.dll
0x00007ffee3f30000 - 0x00007ffee3f5a000 	C:\WINDOWS\SYSTEM32\DEVOBJ.dll
0x00007ffee2a30000 - 0x00007ffee2a5d000 	C:\WINDOWS\SYSTEM32\dwmapi.dll
0x00007ffed2a10000 - 0x00007ffed2b2c000 	C:\WINDOWS\SYSTEM32\inputhost.dll
0x00007ffee21c0000 - 0x00007ffee2294000 	C:\WINDOWS\SYSTEM32\CoreMessaging.dll
0x00007ffed2460000 - 0x00007ffed278a000 	C:\WINDOWS\SYSTEM32\CoreUIComponents.dll
0x00007ffee09f0000 - 0x00007ffee0b42000 	C:\WINDOWS\SYSTEM32\wintypes.dll
0x00007ffedd930000 - 0x00007ffedda20000 	C:\WINDOWS\SYSTEM32\PROPSYS.dll
0x00007ffee6280000 - 0x00007ffee6345000 	C:\WINDOWS\System32\OLEAUT32.dll
0x00007ffee31f0000 - 0x00007ffee3221000 	C:\WINDOWS\SYSTEM32\ntmarta.dll
0x00007ffee55c0000 - 0x00007ffee56f5000 	C:\WINDOWS\System32\MSCTF.dll
0x00007ffee2d90000 - 0x00007ffee2d9e000 	C:\WINDOWS\SYSTEM32\HID.DLL
0x00007ffee5cd0000 - 0x00007ffee6140000 	C:\WINDOWS\System32\SETUPAPI.DLL
0x00007ffee4740000 - 0x00007ffee4766000 	C:\WINDOWS\System32\bcrypt.dll
0x00007ffee4f40000 - 0x00007ffee4f9c000 	C:\WINDOWS\System32\WINTRUST.dll
0x00007ffee4260000 - 0x00007ffee4272000 	C:\WINDOWS\System32\MSASN1.dll
0x00007ffee50a0000 - 0x00007ffee51ea000 	C:\WINDOWS\System32\CRYPT32.dll
0x00007ffeaf2c0000 - 0x00007ffeaf416000 	C:\WINDOWS\SYSTEM32\opengl32.dll
0x00007ffebe700000 - 0x00007ffebe72c000 	C:\WINDOWS\SYSTEM32\GLU32.dll
0x00007ffee2df0000 - 0x00007ffee2e10000 	C:\WINDOWS\SYSTEM32\dxcore.dll
0x00007ffe6e470000 - 0x00007ffe70e09000 	C:\WINDOWS\System32\DriverStore\FileRepository\nv_dispi.inf_amd64_60daf66a00f2e0b6\nvoglv64.dll
0x00007ffee5a40000 - 0x00007ffee5b97000 	C:\WINDOWS\System32\ole32.dll
0x00007ffee0950000 - 0x00007ffee0963000 	C:\WINDOWS\SYSTEM32\WTSAPI32.dll
0x00007ffedf950000 - 0x00007ffedf97f000 	C:\WINDOWS\SYSTEM32\cryptnet.dll
0x00007ffee3b60000 - 0x00007ffee3b6c000 	C:\WINDOWS\SYSTEM32\cryptbase.dll
0x00007ffeb6820000 - 0x00007ffeb6ad2000 	C:\WINDOWS\system32\nvspcap64.dll
0x00007ffee3f90000 - 0x00007ffee3fe6000 	C:\WINDOWS\SYSTEM32\WINSTA.dll
0x00007ffed2ea0000 - 0x00007ffed2f3d000 	C:\WINDOWS\System32\TextInputFramework.dll
0x00007ffed98d0000 - 0x00007ffed9b77000 	C:\WINDOWS\System32\iertutil.dll
0x00007ffebe870000 - 0x00007ffebe8c9000 	C:\Users\Oliver\AppData\Local\Temp\lwjglOliver\3.2.3-build-13\lwjgl_opengl.dll

dbghelp: loaded successfully - version: 4.0.5 - missing functions: none
symbol engine: initialized successfully - sym options: 0x614 - pdb path: .;C:\Program Files\Java\jdk-13.0.2\bin;C:\WINDOWS\SYSTEM32;C:\WINDOWS\WinSxS\amd64_microsoft.windows.common-controls_6595b64144ccf1df_6.0.18362.1379_none_9e7ff3b3e45cc0c4;C:\Program Files\Java\jdk-13.0.2\bin\server;C:\Users\Oliver\AppData\Local\Temp\lwjglOliver\3.2.3-build-13;C:\WINDOWS\System32\DriverStore\FileRepository\nv_dispi.inf_amd64_60daf66a00f2e0b6

VM Arguments:
jvm_args: -Dfile.encoding=windows-1250 -Duser.country=CZ -Duser.language=cs -Duser.variant 
java_command: cz.educanet.HellowWindow.Main
java_class_path (initial): C:\PRG\HelloWindow\build\classes\java\main;C:\PRG\HelloWindow\build\resources\main;C:\Users\Oliver\.gradle\caches\modules-2\files-2.1\org.lwjgl\lwjgl-assimp\3.2.3\f62aa07a20afbdd3097efc296c4841e0d29700eb\lwjgl-assimp-3.2.3.jar;C:\Users\Oliver\.gradle\caches\modules-2\files-2.1\org.lwjgl\lwjgl-assimp\3.2.3\4e60aeb75f0343c4a9ede4ef8b6b32ca702a00a3\lwjgl-assimp-3.2.3-natives-windows.jar;C:\Users\Oliver\.gradle\caches\modules-2\files-2.1\org.lwjgl\lwjgl-glfw\3.2.3\5e520d5c290c8b012545a8d34fa5db5ab051ea53\lwjgl-glfw-3.2.3.jar;C:\Users\Oliver\.gradle\caches\modules-2\files-2.1\org.lwjgl\lwjgl-glfw\3.2.3\b4d8a3477cdc2edcf7a5f1e822926be846223f54\lwjgl-glfw-3.2.3-natives-windows.jar;C:\Users\Oliver\.gradle\caches\modules-2\files-2.1\org.lwjgl\lwjgl-openal\3.2.3\106742e805803ab9eab8e343f0fb31a3d263903c\lwjgl-openal-3.2.3.jar;C:\Users\Oliver\.gradle\caches\modules-2\files-2.1\org.lwjgl\lwjgl-openal\3.2.3\ec898e8ce11b5886f4f532a1536283ef2817758d\lwjgl-openal-3.2.3-natives-windows.jar;C:\Users\Oliver\.gradle\caches\modules-2\files-2.1\org.lwjgl\lwjgl-opengl\3.2.3\bdd534a323d0c8f54969b95e424b6ac8984f7d6e\lwjgl-opengl-3.2.3.jar;C:\Users\Oliver\.gradle\caches\modules-2\files-2.1\org.lwjgl\lwjgl-opengl\3.2.3\e81cfc73ec8708e5e791ed770e4ec3edfc1bbab1\lwjgl-opengl-3.2.3-natives-windows.jar;C:\Users\Oliver\.gradle\caches\modules-2\files-2.1\org.lwjgl\lwjgl-stb\3.2.3\40eccaa4fa86fc815f2e17946a392fb5fdcc286a\lwjgl-stb-3.2.3.jar;C:\Users\Oliver\.gradle\caches\modules-2\files-2.1\org.lwjgl\lwjgl-stb\3.2.3\817b21ec286f0ba3dcedb56a3bd275e6a9345be9\lwjgl-stb-3.2.3-natives-windows.jar;C:\Users\Oliver\.gradle\caches\modules-2\files-2.1\org.lwjgl\lwjgl\3.2.3\17a59ba0fe8d474ec9dbe0d5db40d2cfe59c4c08\lwjgl-3.2.3.jar;C:\Users\Oliver\.gradle\caches\modules-2\files-2.1\org.lwjgl\lwjgl\3.2.3\27f32cd35349684745951e04388e8e00d681cdcd\lwjgl-3.2.3-natives-windows.jar;C:\Users\Oliver\.gradle\caches\modules-2\files-2.1\org.joml\joml\1.10.0\a29b8bf72dc1478e9ceea256db214188da94f313
Launcher Type: SUN_STANDARD

[Global flags]
     intx CICompilerCount                          = 4                                         {product} {ergonomic}
     uint ConcGCThreads                            = 3                                         {product} {ergonomic}
     uint G1ConcRefinementThreads                  = 10                                        {product} {ergonomic}
   size_t G1HeapRegionSize                         = 1048576                                   {product} {ergonomic}
    uintx GCDrainStackTargetSize                   = 64                                        {product} {ergonomic}
   size_t InitialHeapSize                          = 268435456                                 {product} {ergonomic}
   size_t MarkStackSize                            = 4194304                                   {product} {ergonomic}
   size_t MaxHeapSize                              = 4278190080                                {product} {ergonomic}
   size_t MaxNewSize                               = 2566914048                                {product} {ergonomic}
   size_t MinHeapDeltaBytes                        = 1048576                                   {product} {ergonomic}
   size_t MinHeapSize                              = 8388608                                   {product} {ergonomic}
    uintx NonNMethodCodeHeapSize                   = 5839372                                {pd product} {ergonomic}
    uintx NonProfiledCodeHeapSize                  = 122909434                              {pd product} {ergonomic}
    uintx ProfiledCodeHeapSize                     = 122909434                              {pd product} {ergonomic}
    uintx ReservedCodeCacheSize                    = 251658240                              {pd product} {ergonomic}
     bool SegmentedCodeCache                       = true                                      {product} {ergonomic}
   size_t SoftMaxHeapSize                          = 4278190080                             {manageable} {ergonomic}
     bool UseCompressedClassPointers               = true                                 {lp64_product} {ergonomic}
     bool UseCompressedOops                        = true                                 {lp64_product} {ergonomic}
     bool UseG1GC                                  = true                                      {product} {ergonomic}
     bool UseLargePagesIndividualAllocation        = false                                  {pd product} {ergonomic}

Logging:
Log output configuration:
 #0: stdout all=warning uptime,level,tags
 #1: stderr all=off uptime,level,tags

Environment Variables:
JAVA_HOME=C:\Program Files\Java\jdk-13.0.2
PATH=C:\Program Files (x86)\Common Files\Oracle\Java\javapath;C:\Program Files (x86)\Common Files\Intel\Shared Libraries\redist\intel64_win\compiler;C:\Windows\system32;C:\Windows;C:\Windows\System32\Wbem;C:\Windows\System32\WindowsPowerShell\v1.0\;C:\Windows\System32\OpenSSH\;C:\Program Files\NVIDIA Corporation\NVIDIA NvDLISR;C:\Program Files\NVIDIA Corporation\NVIDIA NGX;C:\Program Files (x86)\NVIDIA Corporation\PhysX\Common;C:\Program Files\Git\cmd;C:\Program Files\nodejs\;C:\WINDOWS\system32;C:\WINDOWS;C:\WINDOWS\System32\Wbem;C:\WINDOWS\System32\WindowsPowerShell\v1.0\;C:\WINDOWS\System32\OpenSSH\;C:\Program Files\Java\jdk-13.0.2\bin;C:\Users\Oliver\AppData\Local\Microsoft\WindowsApps;C:\Users\Oliver\AppData\Local\Programs\Microsoft VS Code\bin;C:\Users\Oliver\AppData\Roaming\npm;C:\Program Files\Java\jdk-13.0.2;
USERNAME=Oliver
OS=Windows_NT
PROCESSOR_IDENTIFIER=AMD64 Family 23 Model 8 Stepping 2, AuthenticAMD



---------------  S Y S T E M  ---------------

OS: Windows 10 , 64 bit Build 18362 (10.0.18362.1350)

CPU:total 12 (initial active 12) (12 cores per cpu, 2 threads per core) family 23 model 8 stepping 2, cmov, cx8, fxsr, mmx, sse, sse2, sse3, ssse3, sse4.1, sse4.2, popcnt, avx, avx2, aes, clmul, mmxext, 3dnowpref, lzcnt, sse4a, ht, tsc, tscinvbit, tscinv, bmi1, bmi2, adx, sha, fma

Memory: 4k page, system-wide physical 16315M (5137M free)
TotalPageFile size 26555M (AvailPageFile size 9005M)
current process WorkingSet (physical memory assigned to process): 96M, peak: 96M
current process commit charge ("private bytes"): 400M, peak: 400M

vm_info: Java HotSpot(TM) 64-Bit Server VM (13.0.2+8) for windows-amd64 JRE (13.0.2+8), built on Dec 11 2019 09:20:33 by "mach5one" with unknown MS VC++:1916

END.
