#
# A fatal error has been detected by the Java Runtime Environment:
#
#  EXCEPTION_ACCESS_VIOLATION (0xc0000005) at pc=0x00007ffe77c6e560, pid=11928, tid=21356
#
# JRE version: Java(TM) SE Runtime Environment (13.0.2+8) (build 13.0.2+8)
# Java VM: Java HotSpot(TM) 64-Bit Server VM (13.0.2+8, mixed mode, sharing, tiered, compressed oops, g1 gc, windows-amd64)
# Problematic frame:
# C  [nvoglv64.dll+0x113e560]
#
# No core dump will be written. Minidumps are not enabled by default on client versions of Windows
#
# If you would like to submit a bug report, please visit:
#   http://bugreport.java.com/bugreport/crash.jsp
# The crash happened outside the Java Virtual Machine in native code.
# See problematic frame for where to report the bug.
#

---------------  S U M M A R Y ------------

Command Line: -Dfile.encoding=windows-1250 -Duser.country=CZ -Duser.language=cs -Duser.variant cz.educanet.HellowWindow.Main

Host: AMD Ryzen 5 2600 Six-Core Processor            , 12 cores, 15G,  Windows 10 , 64 bit Build 18362 (10.0.18362.1350)
Time: Tue Feb 16 17:08:01 2021 Stoední Evropa (bi?ný eas) elapsed time: 0 seconds (0d 0h 0m 0s)

---------------  T H R E A D  ---------------

Current thread (0x0000029001c40000):  JavaThread "main" [_thread_in_native, id=21356, stack(0x000000b331500000,0x000000b331600000)]

Stack: [0x000000b331500000,0x000000b331600000],  sp=0x000000b3315ff418,  free space=1021k
Native frames: (J=compiled Java code, j=interpreted, Vv=VM code, C=native code)
C  [nvoglv64.dll+0x113e560]

Java frames: (J=compiled Java code, j=interpreted, Vv=VM code)
j  org.lwjgl.opengl.GL11C.glDrawArrays(III)V+0
j  org.lwjgl.opengl.GL11.glDrawArrays(III)V+3
j  cz.educanet.HellowWindow.Game.render()V+15
j  cz.educanet.HellowWindow.Main.main([Ljava/lang/String;)V+129
v  ~StubRoutines::call_stub

siginfo: EXCEPTION_ACCESS_VIOLATION (0xc0000005), reading address 0x0000000000000000


Register to memory mapping:

RIP=0x00007ffe77c6e560 nvoglv64.dll
RAX=0x0000000000000030 is an unknown value
RBX=0x0000000000000280 is an unknown value
RCX=0x0000029027025888 points into unknown readable memory: 00 00 00 00 00 00 00 00
RDX=0xfffffd6fd8fda778 is an unknown value
RSP=0x000000b3315ff418 is pointing into the stack for thread: 0x0000029001c40000
RBP=0x0000000000000001 is an unknown value
RSI=0x0000000000000003 is an unknown value
RDI=0x0000029027025888 points into unknown readable memory: 00 00 00 00 00 00 00 00
R8 =0x0000000000000030 is an unknown value
R9 =0x0000000000000003 is an unknown value
R10=0x0 is NULL
R11=0x0000029027025888 points into unknown readable memory: 00 00 00 00 00 00 00 00
R12=0x0 is NULL
R13=0x00007ffe76b30000 nvoglv64.dll
R14=0x0 is NULL
R15=0x0000029027ff6438 points into unknown readable memory: 04 00 00 00 01 00 00 00


Registers:
RAX=0x0000000000000030, RBX=0x0000000000000280, RCX=0x0000029027025888, RDX=0xfffffd6fd8fda778
RSP=0x000000b3315ff418, RBP=0x0000000000000001, RSI=0x0000000000000003, RDI=0x0000029027025888
R8 =0x0000000000000030, R9 =0x0000000000000003, R10=0x0000000000000000, R11=0x0000029027025888
R12=0x0000000000000000, R13=0x00007ffe76b30000, R14=0x0000000000000000, R15=0x0000029027ff6438
RIP=0x00007ffe77c6e560, EFLAGS=0x0000000000010283

Top of Stack: (sp=0x000000b3315ff418)
0x000000b3315ff418:   00007ffe776a8e0c 000002900a14a273
0x000000b3315ff428:   0000000000000148 0000029001c40000
0x000000b3315ff438:   00007ffe775186ab 0000000000000000
0x000000b3315ff448:   0000000000000000 0000000000000000
0x000000b3315ff458:   000000000002010b 0000029027ff6438
0x000000b3315ff468:   00007ffe776a9d1b 0000029027ff4080
0x000000b3315ff478:   0000000000000004 0000000000000003
0x000000b3315ff488:   000002900a14f340 0000029001c40000
0x000000b3315ff498:   000000b3315ff578 0000029026478c68
0x000000b3315ff4a8:   0000000000000000 000002900a14a273
0x000000b3315ff4b8:   000002900a14f4f7 0000029026478c70
0x000000b3315ff4c8:   000000b3315ff548 0000000000000148
0x000000b3315ff4d8:   0000000000000148 3ff0000000000003
0x000000b3315ff4e8:   0000000000000000 0000000000000148
0x000000b3315ff4f8:   000002900a14f196 000000b3315ff500
0x000000b3315ff508:   0000029026478c68 000000b3315ff578 

Instructions: (pc=0x00007ffe77c6e560)
0x00007ffe77c6e460:   4c 8b 02 8b 4a 08 4c 89 00 89 48 08 c3 0f 1f 00
0x00007ffe77c6e470:   4c 8b 02 8b 4a 08 44 0f b7 4a 0c 4c 89 00 89 48
0x00007ffe77c6e480:   08 66 44 89 48 0c c3 66 0f 1f 84 00 00 00 00 00
0x00007ffe77c6e490:   4c 8b 02 8b 4a 08 44 0f b7 4a 0c 44 0f b6 52 0e
0x00007ffe77c6e4a0:   4c 89 00 89 48 08 66 44 89 48 0c 44 88 50 0e c3
0x00007ffe77c6e4b0:   0f 10 04 11 4c 03 c1 48 83 c1 10 41 f6 c3 0f 74
0x00007ffe77c6e4c0:   13 0f 28 c8 48 83 e1 f0 0f 10 04 11 48 83 c1 10
0x00007ffe77c6e4d0:   41 0f 11 0b 4c 2b c1 4d 8b c8 49 c1 e9 07 0f 84
0x00007ffe77c6e4e0:   88 00 00 00 0f 29 41 f0 4c 3b 0d 49 52 63 01 76
0x00007ffe77c6e4f0:   17 e9 c2 00 00 00 66 66 0f 1f 84 00 00 00 00 00
0x00007ffe77c6e500:   0f 29 41 e0 0f 29 49 f0 0f 10 04 11 0f 10 4c 11
0x00007ffe77c6e510:   10 48 81 c1 80 00 00 00 0f 29 41 80 0f 29 49 90
0x00007ffe77c6e520:   0f 10 44 11 a0 0f 10 4c 11 b0 49 ff c9 0f 29 41
0x00007ffe77c6e530:   a0 0f 29 49 b0 0f 10 44 11 c0 0f 10 4c 11 d0 0f
0x00007ffe77c6e540:   29 41 c0 0f 29 49 d0 0f 10 44 11 e0 0f 10 4c 11
0x00007ffe77c6e550:   f0 75 ad 0f 29 41 e0 49 83 e0 7f 0f 28 c1 eb 0c
0x00007ffe77c6e560:   0f 10 04 11 48 83 c1 10 49 83 e8 10 4d 8b c8 49
0x00007ffe77c6e570:   c1 e9 04 74 1c 66 66 66 0f 1f 84 00 00 00 00 00
0x00007ffe77c6e580:   0f 11 41 f0 0f 10 04 11 48 83 c1 10 49 ff c9 75
0x00007ffe77c6e590:   ef 49 83 e0 0f 74 0d 4a 8d 04 01 0f 10 4c 10 f0
0x00007ffe77c6e5a0:   0f 11 48 f0 0f 11 41 f0 49 8b c3 c3 0f 1f 40 00
0x00007ffe77c6e5b0:   0f 2b 41 e0 0f 2b 49 f0 0f 18 84 11 00 02 00 00
0x00007ffe77c6e5c0:   0f 10 04 11 0f 10 4c 11 10 48 81 c1 80 00 00 00
0x00007ffe77c6e5d0:   0f 2b 41 80 0f 2b 49 90 0f 10 44 11 a0 0f 10 4c
0x00007ffe77c6e5e0:   11 b0 49 ff c9 0f 2b 41 a0 0f 2b 49 b0 0f 10 44
0x00007ffe77c6e5f0:   11 c0 0f 10 4c 11 d0 0f 18 84 11 40 02 00 00 0f
0x00007ffe77c6e600:   2b 41 c0 0f 2b 49 d0 0f 10 44 11 e0 0f 10 4c 11
0x00007ffe77c6e610:   f0 75 9d 0f ae f8 e9 38 ff ff ff 0f 1f 44 00 00
0x00007ffe77c6e620:   49 03 c8 0f 10 44 11 f0 48 83 e9 10 49 83 e8 10
0x00007ffe77c6e630:   f6 c1 0f 74 17 48 8b c1 48 83 e1 f0 0f 10 c8 0f
0x00007ffe77c6e640:   10 04 11 0f 11 08 4c 8b c1 4d 2b c3 4d 8b c8 49
0x00007ffe77c6e650:   c1 e9 07 74 68 0f 29 01 eb 0d 66 0f 1f 44 00 00 


Stack slot to memory mapping:
stack at sp + 0 slots: 0x00007ffe776a8e0c nvoglv64.dll
stack at sp + 1 slots: 0x000002900a14a273 is at code_begin+2355 in an Interpreter codelet
invoke return entry points  [0x000002900a149940, 0x000002900a14a360]  2592 bytes
stack at sp + 2 slots: 0x0000000000000148 is an unknown value
stack at sp + 3 slots: 0x0000029001c40000 is a thread
stack at sp + 4 slots: 0x00007ffe775186ab nvoglv64.dll
stack at sp + 5 slots: 0x0 is NULL
stack at sp + 6 slots: 0x0 is NULL
stack at sp + 7 slots: 0x0 is NULL


---------------  P R O C E S S  ---------------

Threads class SMR info:
_java_thread_list=0x000002902716b010, length=11, elements={
0x0000029001c40000, 0x0000029025cdd800, 0x0000029025ce1800, 0x0000029026583800,
0x0000029026585800, 0x0000029026587000, 0x000002902658d000, 0x0000029026597800,
0x00000290266dd800, 0x00000290266eb800, 0x000002902caf8800
}

Java Threads: ( => current thread )
=>0x0000029001c40000 JavaThread "main" [_thread_in_native, id=21356, stack(0x000000b331500000,0x000000b331600000)]
  0x0000029025cdd800 JavaThread "Reference Handler" daemon [_thread_blocked, id=2312, stack(0x000000b331c00000,0x000000b331d00000)]
  0x0000029025ce1800 JavaThread "Finalizer" daemon [_thread_blocked, id=2564, stack(0x000000b331d00000,0x000000b331e00000)]
  0x0000029026583800 JavaThread "Signal Dispatcher" daemon [_thread_blocked, id=19716, stack(0x000000b331e00000,0x000000b331f00000)]
  0x0000029026585800 JavaThread "Attach Listener" daemon [_thread_blocked, id=13008, stack(0x000000b331f00000,0x000000b332000000)]
  0x0000029026587000 JavaThread "C2 CompilerThread0" daemon [_thread_blocked, id=10072, stack(0x000000b332000000,0x000000b332100000)]
  0x000002902658d000 JavaThread "C1 CompilerThread0" daemon [_thread_blocked, id=11432, stack(0x000000b332100000,0x000000b332200000)]
  0x0000029026597800 JavaThread "Sweeper thread" daemon [_thread_blocked, id=15624, stack(0x000000b332200000,0x000000b332300000)]
  0x00000290266dd800 JavaThread "Service Thread" daemon [_thread_blocked, id=24048, stack(0x000000b332300000,0x000000b332400000)]
  0x00000290266eb800 JavaThread "Common-Cleaner" daemon [_thread_blocked, id=4396, stack(0x000000b332500000,0x000000b332600000)]
  0x000002902caf8800 JavaThread "C2 CompilerThread1" daemon [_thread_blocked, id=4012, stack(0x000000b332d00000,0x000000b332e00000)]

Other Threads:
  0x0000029025cdb800 VMThread "VM Thread" [stack: 0x000000b331b00000,0x000000b331c00000] [id=3700]
  0x00000290266de800 WatcherThread [stack: 0x000000b332400000,0x000000b332500000] [id=18820]
  0x0000029001cac000 GCTaskThread "GC Thread#0" [stack: 0x000000b331600000,0x000000b331700000] [id=16328]
  0x0000029001ccd800 ConcurrentGCThread "G1 Main Marker" [stack: 0x000000b331700000,0x000000b331800000] [id=22292]
  0x0000029001ccf800 ConcurrentGCThread "G1 Conc#0" [stack: 0x000000b331800000,0x000000b331900000] [id=15952]
  0x0000029025bd8000 ConcurrentGCThread "G1 Refine#0" [stack: 0x000000b331900000,0x000000b331a00000] [id=22600]
  0x0000029025bda000 ConcurrentGCThread "G1 Young RemSet Sampling" [stack: 0x000000b331a00000,0x000000b331b00000] [id=15020]

Threads with active compile tasks:

VM state:not at safepoint (normal execution)

VM Mutex/Monitor currently owned by a thread: None

Heap address: 0x0000000701000000, size: 4080 MB, Compressed Oops mode: Zero based, Oop shift amount: 3
Narrow klass base: 0x0000000800000000, Narrow klass shift: 3
Compressed class space size: 1073741824 Address: 0x0000000800b40000

Heap:
 garbage-first heap   total 262144K, used 16384K [0x0000000701000000, 0x0000000800000000)
  region size 1024K, 18 young (18432K), 0 survivors (0K)
 Metaspace       used 5323K, capacity 8473K, committed 8832K, reserved 1056768K
  class space    used 270K, capacity 596K, committed 640K, reserved 1048576K
Heap Regions: E=young(eden), S=young(survivor), O=old, HS=humongous(starts), HC=humongous(continues), CS=collection set, F=free, A=archive, TAMS=top-at-mark-start (previous, next)
|   0|0x0000000701000000, 0x0000000701000000, 0x0000000701100000|  0%| F|  |TAMS 0x0000000701000000, 0x0000000701000000| Untracked 
|   1|0x0000000701100000, 0x0000000701100000, 0x0000000701200000|  0%| F|  |TAMS 0x0000000701100000, 0x0000000701100000| Untracked 
|   2|0x0000000701200000, 0x0000000701200000, 0x0000000701300000|  0%| F|  |TAMS 0x0000000701200000, 0x0000000701200000| Untracked 
|   3|0x0000000701300000, 0x0000000701300000, 0x0000000701400000|  0%| F|  |TAMS 0x0000000701300000, 0x0000000701300000| Untracked 
|   4|0x0000000701400000, 0x0000000701400000, 0x0000000701500000|  0%| F|  |TAMS 0x0000000701400000, 0x0000000701400000| Untracked 
|   5|0x0000000701500000, 0x0000000701500000, 0x0000000701600000|  0%| F|  |TAMS 0x0000000701500000, 0x0000000701500000| Untracked 
|   6|0x0000000701600000, 0x0000000701600000, 0x0000000701700000|  0%| F|  |TAMS 0x0000000701600000, 0x0000000701600000| Untracked 
|   7|0x0000000701700000, 0x0000000701700000, 0x0000000701800000|  0%| F|  |TAMS 0x0000000701700000, 0x0000000701700000| Untracked 
|   8|0x0000000701800000, 0x0000000701800000, 0x0000000701900000|  0%| F|  |TAMS 0x0000000701800000, 0x0000000701800000| Untracked 
|   9|0x0000000701900000, 0x0000000701900000, 0x0000000701a00000|  0%| F|  |TAMS 0x0000000701900000, 0x0000000701900000| Untracked 
|  10|0x0000000701a00000, 0x0000000701a00000, 0x0000000701b00000|  0%| F|  |TAMS 0x0000000701a00000, 0x0000000701a00000| Untracked 
|  11|0x0000000701b00000, 0x0000000701b00000, 0x0000000701c00000|  0%| F|  |TAMS 0x0000000701b00000, 0x0000000701b00000| Untracked 
|  12|0x0000000701c00000, 0x0000000701c00000, 0x0000000701d00000|  0%| F|  |TAMS 0x0000000701c00000, 0x0000000701c00000| Untracked 
|  13|0x0000000701d00000, 0x0000000701d00000, 0x0000000701e00000|  0%| F|  |TAMS 0x0000000701d00000, 0x0000000701d00000| Untracked 
|  14|0x0000000701e00000, 0x0000000701e00000, 0x0000000701f00000|  0%| F|  |TAMS 0x0000000701e00000, 0x0000000701e00000| Untracked 
|  15|0x0000000701f00000, 0x0000000701f00000, 0x0000000702000000|  0%| F|  |TAMS 0x0000000701f00000, 0x0000000701f00000| Untracked 
|  16|0x0000000702000000, 0x0000000702000000, 0x0000000702100000|  0%| F|  |TAMS 0x0000000702000000, 0x0000000702000000| Untracked 
|  17|0x0000000702100000, 0x0000000702100000, 0x0000000702200000|  0%| F|  |TAMS 0x0000000702100000, 0x0000000702100000| Untracked 
|  18|0x0000000702200000, 0x0000000702200000, 0x0000000702300000|  0%| F|  |TAMS 0x0000000702200000, 0x0000000702200000| Untracked 
|  19|0x0000000702300000, 0x0000000702300000, 0x0000000702400000|  0%| F|  |TAMS 0x0000000702300000, 0x0000000702300000| Untracked 
|  20|0x0000000702400000, 0x0000000702400000, 0x0000000702500000|  0%| F|  |TAMS 0x0000000702400000, 0x0000000702400000| Untracked 
|  21|0x0000000702500000, 0x0000000702500000, 0x0000000702600000|  0%| F|  |TAMS 0x0000000702500000, 0x0000000702500000| Untracked 
|  22|0x0000000702600000, 0x0000000702600000, 0x0000000702700000|  0%| F|  |TAMS 0x0000000702600000, 0x0000000702600000| Untracked 
|  23|0x0000000702700000, 0x0000000702700000, 0x0000000702800000|  0%| F|  |TAMS 0x0000000702700000, 0x0000000702700000| Untracked 
|  24|0x0000000702800000, 0x0000000702800000, 0x0000000702900000|  0%| F|  |TAMS 0x0000000702800000, 0x0000000702800000| Untracked 
|  25|0x0000000702900000, 0x0000000702900000, 0x0000000702a00000|  0%| F|  |TAMS 0x0000000702900000, 0x0000000702900000| Untracked 
|  26|0x0000000702a00000, 0x0000000702a00000, 0x0000000702b00000|  0%| F|  |TAMS 0x0000000702a00000, 0x0000000702a00000| Untracked 
|  27|0x0000000702b00000, 0x0000000702b00000, 0x0000000702c00000|  0%| F|  |TAMS 0x0000000702b00000, 0x0000000702b00000| Untracked 
|  28|0x0000000702c00000, 0x0000000702c00000, 0x0000000702d00000|  0%| F|  |TAMS 0x0000000702c00000, 0x0000000702c00000| Untracked 
|  29|0x0000000702d00000, 0x0000000702d00000, 0x0000000702e00000|  0%| F|  |TAMS 0x0000000702d00000, 0x0000000702d00000| Untracked 
|  30|0x0000000702e00000, 0x0000000702e00000, 0x0000000702f00000|  0%| F|  |TAMS 0x0000000702e00000, 0x0000000702e00000| Untracked 
|  31|0x0000000702f00000, 0x0000000702f00000, 0x0000000703000000|  0%| F|  |TAMS 0x0000000702f00000, 0x0000000702f00000| Untracked 
|  32|0x0000000703000000, 0x0000000703000000, 0x0000000703100000|  0%| F|  |TAMS 0x0000000703000000, 0x0000000703000000| Untracked 
|  33|0x0000000703100000, 0x0000000703100000, 0x0000000703200000|  0%| F|  |TAMS 0x0000000703100000, 0x0000000703100000| Untracked 
|  34|0x0000000703200000, 0x0000000703200000, 0x0000000703300000|  0%| F|  |TAMS 0x0000000703200000, 0x0000000703200000| Untracked 
|  35|0x0000000703300000, 0x0000000703300000, 0x0000000703400000|  0%| F|  |TAMS 0x0000000703300000, 0x0000000703300000| Untracked 
|  36|0x0000000703400000, 0x0000000703400000, 0x0000000703500000|  0%| F|  |TAMS 0x0000000703400000, 0x0000000703400000| Untracked 
|  37|0x0000000703500000, 0x0000000703500000, 0x0000000703600000|  0%| F|  |TAMS 0x0000000703500000, 0x0000000703500000| Untracked 
|  38|0x0000000703600000, 0x0000000703600000, 0x0000000703700000|  0%| F|  |TAMS 0x0000000703600000, 0x0000000703600000| Untracked 
|  39|0x0000000703700000, 0x0000000703700000, 0x0000000703800000|  0%| F|  |TAMS 0x0000000703700000, 0x0000000703700000| Untracked 
|  40|0x0000000703800000, 0x0000000703800000, 0x0000000703900000|  0%| F|  |TAMS 0x0000000703800000, 0x0000000703800000| Untracked 
|  41|0x0000000703900000, 0x0000000703900000, 0x0000000703a00000|  0%| F|  |TAMS 0x0000000703900000, 0x0000000703900000| Untracked 
|  42|0x0000000703a00000, 0x0000000703a00000, 0x0000000703b00000|  0%| F|  |TAMS 0x0000000703a00000, 0x0000000703a00000| Untracked 
|  43|0x0000000703b00000, 0x0000000703b00000, 0x0000000703c00000|  0%| F|  |TAMS 0x0000000703b00000, 0x0000000703b00000| Untracked 
|  44|0x0000000703c00000, 0x0000000703c00000, 0x0000000703d00000|  0%| F|  |TAMS 0x0000000703c00000, 0x0000000703c00000| Untracked 
|  45|0x0000000703d00000, 0x0000000703d00000, 0x0000000703e00000|  0%| F|  |TAMS 0x0000000703d00000, 0x0000000703d00000| Untracked 
|  46|0x0000000703e00000, 0x0000000703e00000, 0x0000000703f00000|  0%| F|  |TAMS 0x0000000703e00000, 0x0000000703e00000| Untracked 
|  47|0x0000000703f00000, 0x0000000703f00000, 0x0000000704000000|  0%| F|  |TAMS 0x0000000703f00000, 0x0000000703f00000| Untracked 
|  48|0x0000000704000000, 0x0000000704000000, 0x0000000704100000|  0%| F|  |TAMS 0x0000000704000000, 0x0000000704000000| Untracked 
|  49|0x0000000704100000, 0x0000000704100000, 0x0000000704200000|  0%| F|  |TAMS 0x0000000704100000, 0x0000000704100000| Untracked 
|  50|0x0000000704200000, 0x0000000704200000, 0x0000000704300000|  0%| F|  |TAMS 0x0000000704200000, 0x0000000704200000| Untracked 
|  51|0x0000000704300000, 0x0000000704300000, 0x0000000704400000|  0%| F|  |TAMS 0x0000000704300000, 0x0000000704300000| Untracked 
|  52|0x0000000704400000, 0x0000000704400000, 0x0000000704500000|  0%| F|  |TAMS 0x0000000704400000, 0x0000000704400000| Untracked 
|  53|0x0000000704500000, 0x0000000704500000, 0x0000000704600000|  0%| F|  |TAMS 0x0000000704500000, 0x0000000704500000| Untracked 
|  54|0x0000000704600000, 0x0000000704600000, 0x0000000704700000|  0%| F|  |TAMS 0x0000000704600000, 0x0000000704600000| Untracked 
|  55|0x0000000704700000, 0x0000000704700000, 0x0000000704800000|  0%| F|  |TAMS 0x0000000704700000, 0x0000000704700000| Untracked 
|  56|0x0000000704800000, 0x0000000704800000, 0x0000000704900000|  0%| F|  |TAMS 0x0000000704800000, 0x0000000704800000| Untracked 
|  57|0x0000000704900000, 0x0000000704900000, 0x0000000704a00000|  0%| F|  |TAMS 0x0000000704900000, 0x0000000704900000| Untracked 
|  58|0x0000000704a00000, 0x0000000704a00000, 0x0000000704b00000|  0%| F|  |TAMS 0x0000000704a00000, 0x0000000704a00000| Untracked 
|  59|0x0000000704b00000, 0x0000000704b00000, 0x0000000704c00000|  0%| F|  |TAMS 0x0000000704b00000, 0x0000000704b00000| Untracked 
|  60|0x0000000704c00000, 0x0000000704c00000, 0x0000000704d00000|  0%| F|  |TAMS 0x0000000704c00000, 0x0000000704c00000| Untracked 
|  61|0x0000000704d00000, 0x0000000704d00000, 0x0000000704e00000|  0%| F|  |TAMS 0x0000000704d00000, 0x0000000704d00000| Untracked 
|  62|0x0000000704e00000, 0x0000000704e00000, 0x0000000704f00000|  0%| F|  |TAMS 0x0000000704e00000, 0x0000000704e00000| Untracked 
|  63|0x0000000704f00000, 0x0000000704f00000, 0x0000000705000000|  0%| F|  |TAMS 0x0000000704f00000, 0x0000000704f00000| Untracked 
|  64|0x0000000705000000, 0x0000000705000000, 0x0000000705100000|  0%| F|  |TAMS 0x0000000705000000, 0x0000000705000000| Untracked 
|  65|0x0000000705100000, 0x0000000705100000, 0x0000000705200000|  0%| F|  |TAMS 0x0000000705100000, 0x0000000705100000| Untracked 
|  66|0x0000000705200000, 0x0000000705200000, 0x0000000705300000|  0%| F|  |TAMS 0x0000000705200000, 0x0000000705200000| Untracked 
|  67|0x0000000705300000, 0x0000000705300000, 0x0000000705400000|  0%| F|  |TAMS 0x0000000705300000, 0x0000000705300000| Untracked 
|  68|0x0000000705400000, 0x0000000705400000, 0x0000000705500000|  0%| F|  |TAMS 0x0000000705400000, 0x0000000705400000| Untracked 
|  69|0x0000000705500000, 0x0000000705500000, 0x0000000705600000|  0%| F|  |TAMS 0x0000000705500000, 0x0000000705500000| Untracked 
|  70|0x0000000705600000, 0x0000000705600000, 0x0000000705700000|  0%| F|  |TAMS 0x0000000705600000, 0x0000000705600000| Untracked 
|  71|0x0000000705700000, 0x0000000705700000, 0x0000000705800000|  0%| F|  |TAMS 0x0000000705700000, 0x0000000705700000| Untracked 
|  72|0x0000000705800000, 0x0000000705800000, 0x0000000705900000|  0%| F|  |TAMS 0x0000000705800000, 0x0000000705800000| Untracked 
|  73|0x0000000705900000, 0x0000000705900000, 0x0000000705a00000|  0%| F|  |TAMS 0x0000000705900000, 0x0000000705900000| Untracked 
|  74|0x0000000705a00000, 0x0000000705a00000, 0x0000000705b00000|  0%| F|  |TAMS 0x0000000705a00000, 0x0000000705a00000| Untracked 
|  75|0x0000000705b00000, 0x0000000705b00000, 0x0000000705c00000|  0%| F|  |TAMS 0x0000000705b00000, 0x0000000705b00000| Untracked 
|  76|0x0000000705c00000, 0x0000000705c00000, 0x0000000705d00000|  0%| F|  |TAMS 0x0000000705c00000, 0x0000000705c00000| Untracked 
|  77|0x0000000705d00000, 0x0000000705d00000, 0x0000000705e00000|  0%| F|  |TAMS 0x0000000705d00000, 0x0000000705d00000| Untracked 
|  78|0x0000000705e00000, 0x0000000705e00000, 0x0000000705f00000|  0%| F|  |TAMS 0x0000000705e00000, 0x0000000705e00000| Untracked 
|  79|0x0000000705f00000, 0x0000000705f00000, 0x0000000706000000|  0%| F|  |TAMS 0x0000000705f00000, 0x0000000705f00000| Untracked 
|  80|0x0000000706000000, 0x0000000706000000, 0x0000000706100000|  0%| F|  |TAMS 0x0000000706000000, 0x0000000706000000| Untracked 
|  81|0x0000000706100000, 0x0000000706100000, 0x0000000706200000|  0%| F|  |TAMS 0x0000000706100000, 0x0000000706100000| Untracked 
|  82|0x0000000706200000, 0x0000000706200000, 0x0000000706300000|  0%| F|  |TAMS 0x0000000706200000, 0x0000000706200000| Untracked 
|  83|0x0000000706300000, 0x0000000706300000, 0x0000000706400000|  0%| F|  |TAMS 0x0000000706300000, 0x0000000706300000| Untracked 
|  84|0x0000000706400000, 0x0000000706400000, 0x0000000706500000|  0%| F|  |TAMS 0x0000000706400000, 0x0000000706400000| Untracked 
|  85|0x0000000706500000, 0x0000000706500000, 0x0000000706600000|  0%| F|  |TAMS 0x0000000706500000, 0x0000000706500000| Untracked 
|  86|0x0000000706600000, 0x0000000706600000, 0x0000000706700000|  0%| F|  |TAMS 0x0000000706600000, 0x0000000706600000| Untracked 
|  87|0x0000000706700000, 0x0000000706700000, 0x0000000706800000|  0%| F|  |TAMS 0x0000000706700000, 0x0000000706700000| Untracked 
|  88|0x0000000706800000, 0x0000000706800000, 0x0000000706900000|  0%| F|  |TAMS 0x0000000706800000, 0x0000000706800000| Untracked 
|  89|0x0000000706900000, 0x0000000706900000, 0x0000000706a00000|  0%| F|  |TAMS 0x0000000706900000, 0x0000000706900000| Untracked 
|  90|0x0000000706a00000, 0x0000000706a00000, 0x0000000706b00000|  0%| F|  |TAMS 0x0000000706a00000, 0x0000000706a00000| Untracked 
|  91|0x0000000706b00000, 0x0000000706b00000, 0x0000000706c00000|  0%| F|  |TAMS 0x0000000706b00000, 0x0000000706b00000| Untracked 
|  92|0x0000000706c00000, 0x0000000706c00000, 0x0000000706d00000|  0%| F|  |TAMS 0x0000000706c00000, 0x0000000706c00000| Untracked 
|  93|0x0000000706d00000, 0x0000000706d00000, 0x0000000706e00000|  0%| F|  |TAMS 0x0000000706d00000, 0x0000000706d00000| Untracked 
|  94|0x0000000706e00000, 0x0000000706e00000, 0x0000000706f00000|  0%| F|  |TAMS 0x0000000706e00000, 0x0000000706e00000| Untracked 
|  95|0x0000000706f00000, 0x0000000706f00000, 0x0000000707000000|  0%| F|  |TAMS 0x0000000706f00000, 0x0000000706f00000| Untracked 
|  96|0x0000000707000000, 0x0000000707000000, 0x0000000707100000|  0%| F|  |TAMS 0x0000000707000000, 0x0000000707000000| Untracked 
|  97|0x0000000707100000, 0x0000000707100000, 0x0000000707200000|  0%| F|  |TAMS 0x0000000707100000, 0x0000000707100000| Untracked 
|  98|0x0000000707200000, 0x0000000707200000, 0x0000000707300000|  0%| F|  |TAMS 0x0000000707200000, 0x0000000707200000| Untracked 
|  99|0x0000000707300000, 0x0000000707300000, 0x0000000707400000|  0%| F|  |TAMS 0x0000000707300000, 0x0000000707300000| Untracked 
| 100|0x0000000707400000, 0x0000000707400000, 0x0000000707500000|  0%| F|  |TAMS 0x0000000707400000, 0x0000000707400000| Untracked 
| 101|0x0000000707500000, 0x0000000707500000, 0x0000000707600000|  0%| F|  |TAMS 0x0000000707500000, 0x0000000707500000| Untracked 
| 102|0x0000000707600000, 0x0000000707600000, 0x0000000707700000|  0%| F|  |TAMS 0x0000000707600000, 0x0000000707600000| Untracked 
| 103|0x0000000707700000, 0x0000000707700000, 0x0000000707800000|  0%| F|  |TAMS 0x0000000707700000, 0x0000000707700000| Untracked 
| 104|0x0000000707800000, 0x0000000707800000, 0x0000000707900000|  0%| F|  |TAMS 0x0000000707800000, 0x0000000707800000| Untracked 
| 105|0x0000000707900000, 0x0000000707900000, 0x0000000707a00000|  0%| F|  |TAMS 0x0000000707900000, 0x0000000707900000| Untracked 
| 106|0x0000000707a00000, 0x0000000707a00000, 0x0000000707b00000|  0%| F|  |TAMS 0x0000000707a00000, 0x0000000707a00000| Untracked 
| 107|0x0000000707b00000, 0x0000000707b00000, 0x0000000707c00000|  0%| F|  |TAMS 0x0000000707b00000, 0x0000000707b00000| Untracked 
| 108|0x0000000707c00000, 0x0000000707c00000, 0x0000000707d00000|  0%| F|  |TAMS 0x0000000707c00000, 0x0000000707c00000| Untracked 
| 109|0x0000000707d00000, 0x0000000707d00000, 0x0000000707e00000|  0%| F|  |TAMS 0x0000000707d00000, 0x0000000707d00000| Untracked 
| 110|0x0000000707e00000, 0x0000000707e00000, 0x0000000707f00000|  0%| F|  |TAMS 0x0000000707e00000, 0x0000000707e00000| Untracked 
| 111|0x0000000707f00000, 0x0000000707f00000, 0x0000000708000000|  0%| F|  |TAMS 0x0000000707f00000, 0x0000000707f00000| Untracked 
| 112|0x0000000708000000, 0x0000000708000000, 0x0000000708100000|  0%| F|  |TAMS 0x0000000708000000, 0x0000000708000000| Untracked 
| 113|0x0000000708100000, 0x0000000708100000, 0x0000000708200000|  0%| F|  |TAMS 0x0000000708100000, 0x0000000708100000| Untracked 
| 114|0x0000000708200000, 0x0000000708200000, 0x0000000708300000|  0%| F|  |TAMS 0x0000000708200000, 0x0000000708200000| Untracked 
| 115|0x0000000708300000, 0x0000000708300000, 0x0000000708400000|  0%| F|  |TAMS 0x0000000708300000, 0x0000000708300000| Untracked 
| 116|0x0000000708400000, 0x0000000708400000, 0x0000000708500000|  0%| F|  |TAMS 0x0000000708400000, 0x0000000708400000| Untracked 
| 117|0x0000000708500000, 0x0000000708500000, 0x0000000708600000|  0%| F|  |TAMS 0x0000000708500000, 0x0000000708500000| Untracked 
| 118|0x0000000708600000, 0x0000000708600000, 0x0000000708700000|  0%| F|  |TAMS 0x0000000708600000, 0x0000000708600000| Untracked 
| 119|0x0000000708700000, 0x0000000708700000, 0x0000000708800000|  0%| F|  |TAMS 0x0000000708700000, 0x0000000708700000| Untracked 
| 120|0x0000000708800000, 0x0000000708800000, 0x0000000708900000|  0%| F|  |TAMS 0x0000000708800000, 0x0000000708800000| Untracked 
| 121|0x0000000708900000, 0x0000000708900000, 0x0000000708a00000|  0%| F|  |TAMS 0x0000000708900000, 0x0000000708900000| Untracked 
| 122|0x0000000708a00000, 0x0000000708a00000, 0x0000000708b00000|  0%| F|  |TAMS 0x0000000708a00000, 0x0000000708a00000| Untracked 
| 123|0x0000000708b00000, 0x0000000708b00000, 0x0000000708c00000|  0%| F|  |TAMS 0x0000000708b00000, 0x0000000708b00000| Untracked 
| 124|0x0000000708c00000, 0x0000000708c00000, 0x0000000708d00000|  0%| F|  |TAMS 0x0000000708c00000, 0x0000000708c00000| Untracked 
| 125|0x0000000708d00000, 0x0000000708d00000, 0x0000000708e00000|  0%| F|  |TAMS 0x0000000708d00000, 0x0000000708d00000| Untracked 
| 126|0x0000000708e00000, 0x0000000708e00000, 0x0000000708f00000|  0%| F|  |TAMS 0x0000000708e00000, 0x0000000708e00000| Untracked 
| 127|0x0000000708f00000, 0x0000000708f00000, 0x0000000709000000|  0%| F|  |TAMS 0x0000000708f00000, 0x0000000708f00000| Untracked 
| 128|0x0000000709000000, 0x0000000709000000, 0x0000000709100000|  0%| F|  |TAMS 0x0000000709000000, 0x0000000709000000| Untracked 
| 129|0x0000000709100000, 0x0000000709100000, 0x0000000709200000|  0%| F|  |TAMS 0x0000000709100000, 0x0000000709100000| Untracked 
| 130|0x0000000709200000, 0x0000000709200000, 0x0000000709300000|  0%| F|  |TAMS 0x0000000709200000, 0x0000000709200000| Untracked 
| 131|0x0000000709300000, 0x0000000709300000, 0x0000000709400000|  0%| F|  |TAMS 0x0000000709300000, 0x0000000709300000| Untracked 
| 132|0x0000000709400000, 0x0000000709400000, 0x0000000709500000|  0%| F|  |TAMS 0x0000000709400000, 0x0000000709400000| Untracked 
| 133|0x0000000709500000, 0x0000000709500000, 0x0000000709600000|  0%| F|  |TAMS 0x0000000709500000, 0x0000000709500000| Untracked 
| 134|0x0000000709600000, 0x0000000709600000, 0x0000000709700000|  0%| F|  |TAMS 0x0000000709600000, 0x0000000709600000| Untracked 
| 135|0x0000000709700000, 0x0000000709700000, 0x0000000709800000|  0%| F|  |TAMS 0x0000000709700000, 0x0000000709700000| Untracked 
| 136|0x0000000709800000, 0x0000000709800000, 0x0000000709900000|  0%| F|  |TAMS 0x0000000709800000, 0x0000000709800000| Untracked 
| 137|0x0000000709900000, 0x0000000709900000, 0x0000000709a00000|  0%| F|  |TAMS 0x0000000709900000, 0x0000000709900000| Untracked 
| 138|0x0000000709a00000, 0x0000000709a00000, 0x0000000709b00000|  0%| F|  |TAMS 0x0000000709a00000, 0x0000000709a00000| Untracked 
| 139|0x0000000709b00000, 0x0000000709b00000, 0x0000000709c00000|  0%| F|  |TAMS 0x0000000709b00000, 0x0000000709b00000| Untracked 
| 140|0x0000000709c00000, 0x0000000709c00000, 0x0000000709d00000|  0%| F|  |TAMS 0x0000000709c00000, 0x0000000709c00000| Untracked 
| 141|0x0000000709d00000, 0x0000000709d00000, 0x0000000709e00000|  0%| F|  |TAMS 0x0000000709d00000, 0x0000000709d00000| Untracked 
| 142|0x0000000709e00000, 0x0000000709e00000, 0x0000000709f00000|  0%| F|  |TAMS 0x0000000709e00000, 0x0000000709e00000| Untracked 
| 143|0x0000000709f00000, 0x0000000709f00000, 0x000000070a000000|  0%| F|  |TAMS 0x0000000709f00000, 0x0000000709f00000| Untracked 
| 144|0x000000070a000000, 0x000000070a000000, 0x000000070a100000|  0%| F|  |TAMS 0x000000070a000000, 0x000000070a000000| Untracked 
| 145|0x000000070a100000, 0x000000070a100000, 0x000000070a200000|  0%| F|  |TAMS 0x000000070a100000, 0x000000070a100000| Untracked 
| 146|0x000000070a200000, 0x000000070a200000, 0x000000070a300000|  0%| F|  |TAMS 0x000000070a200000, 0x000000070a200000| Untracked 
| 147|0x000000070a300000, 0x000000070a300000, 0x000000070a400000|  0%| F|  |TAMS 0x000000070a300000, 0x000000070a300000| Untracked 
| 148|0x000000070a400000, 0x000000070a400000, 0x000000070a500000|  0%| F|  |TAMS 0x000000070a400000, 0x000000070a400000| Untracked 
| 149|0x000000070a500000, 0x000000070a500000, 0x000000070a600000|  0%| F|  |TAMS 0x000000070a500000, 0x000000070a500000| Untracked 
| 150|0x000000070a600000, 0x000000070a600000, 0x000000070a700000|  0%| F|  |TAMS 0x000000070a600000, 0x000000070a600000| Untracked 
| 151|0x000000070a700000, 0x000000070a700000, 0x000000070a800000|  0%| F|  |TAMS 0x000000070a700000, 0x000000070a700000| Untracked 
| 152|0x000000070a800000, 0x000000070a800000, 0x000000070a900000|  0%| F|  |TAMS 0x000000070a800000, 0x000000070a800000| Untracked 
| 153|0x000000070a900000, 0x000000070a900000, 0x000000070aa00000|  0%| F|  |TAMS 0x000000070a900000, 0x000000070a900000| Untracked 
| 154|0x000000070aa00000, 0x000000070aa00000, 0x000000070ab00000|  0%| F|  |TAMS 0x000000070aa00000, 0x000000070aa00000| Untracked 
| 155|0x000000070ab00000, 0x000000070ab00000, 0x000000070ac00000|  0%| F|  |TAMS 0x000000070ab00000, 0x000000070ab00000| Untracked 
| 156|0x000000070ac00000, 0x000000070ac00000, 0x000000070ad00000|  0%| F|  |TAMS 0x000000070ac00000, 0x000000070ac00000| Untracked 
| 157|0x000000070ad00000, 0x000000070ad00000, 0x000000070ae00000|  0%| F|  |TAMS 0x000000070ad00000, 0x000000070ad00000| Untracked 
| 158|0x000000070ae00000, 0x000000070ae00000, 0x000000070af00000|  0%| F|  |TAMS 0x000000070ae00000, 0x000000070ae00000| Untracked 
| 159|0x000000070af00000, 0x000000070af00000, 0x000000070b000000|  0%| F|  |TAMS 0x000000070af00000, 0x000000070af00000| Untracked 
| 160|0x000000070b000000, 0x000000070b000000, 0x000000070b100000|  0%| F|  |TAMS 0x000000070b000000, 0x000000070b000000| Untracked 
| 161|0x000000070b100000, 0x000000070b100000, 0x000000070b200000|  0%| F|  |TAMS 0x000000070b100000, 0x000000070b100000| Untracked 
| 162|0x000000070b200000, 0x000000070b200000, 0x000000070b300000|  0%| F|  |TAMS 0x000000070b200000, 0x000000070b200000| Untracked 
| 163|0x000000070b300000, 0x000000070b300000, 0x000000070b400000|  0%| F|  |TAMS 0x000000070b300000, 0x000000070b300000| Untracked 
| 164|0x000000070b400000, 0x000000070b400000, 0x000000070b500000|  0%| F|  |TAMS 0x000000070b400000, 0x000000070b400000| Untracked 
| 165|0x000000070b500000, 0x000000070b500000, 0x000000070b600000|  0%| F|  |TAMS 0x000000070b500000, 0x000000070b500000| Untracked 
| 166|0x000000070b600000, 0x000000070b600000, 0x000000070b700000|  0%| F|  |TAMS 0x000000070b600000, 0x000000070b600000| Untracked 
| 167|0x000000070b700000, 0x000000070b700000, 0x000000070b800000|  0%| F|  |TAMS 0x000000070b700000, 0x000000070b700000| Untracked 
| 168|0x000000070b800000, 0x000000070b800000, 0x000000070b900000|  0%| F|  |TAMS 0x000000070b800000, 0x000000070b800000| Untracked 
| 169|0x000000070b900000, 0x000000070b900000, 0x000000070ba00000|  0%| F|  |TAMS 0x000000070b900000, 0x000000070b900000| Untracked 
| 170|0x000000070ba00000, 0x000000070ba00000, 0x000000070bb00000|  0%| F|  |TAMS 0x000000070ba00000, 0x000000070ba00000| Untracked 
| 171|0x000000070bb00000, 0x000000070bb00000, 0x000000070bc00000|  0%| F|  |TAMS 0x000000070bb00000, 0x000000070bb00000| Untracked 
| 172|0x000000070bc00000, 0x000000070bc00000, 0x000000070bd00000|  0%| F|  |TAMS 0x000000070bc00000, 0x000000070bc00000| Untracked 
| 173|0x000000070bd00000, 0x000000070bd00000, 0x000000070be00000|  0%| F|  |TAMS 0x000000070bd00000, 0x000000070bd00000| Untracked 
| 174|0x000000070be00000, 0x000000070be00000, 0x000000070bf00000|  0%| F|  |TAMS 0x000000070be00000, 0x000000070be00000| Untracked 
| 175|0x000000070bf00000, 0x000000070bf00000, 0x000000070c000000|  0%| F|  |TAMS 0x000000070bf00000, 0x000000070bf00000| Untracked 
| 176|0x000000070c000000, 0x000000070c000000, 0x000000070c100000|  0%| F|  |TAMS 0x000000070c000000, 0x000000070c000000| Untracked 
| 177|0x000000070c100000, 0x000000070c100000, 0x000000070c200000|  0%| F|  |TAMS 0x000000070c100000, 0x000000070c100000| Untracked 
| 178|0x000000070c200000, 0x000000070c200000, 0x000000070c300000|  0%| F|  |TAMS 0x000000070c200000, 0x000000070c200000| Untracked 
| 179|0x000000070c300000, 0x000000070c300000, 0x000000070c400000|  0%| F|  |TAMS 0x000000070c300000, 0x000000070c300000| Untracked 
| 180|0x000000070c400000, 0x000000070c400000, 0x000000070c500000|  0%| F|  |TAMS 0x000000070c400000, 0x000000070c400000| Untracked 
| 181|0x000000070c500000, 0x000000070c500000, 0x000000070c600000|  0%| F|  |TAMS 0x000000070c500000, 0x000000070c500000| Untracked 
| 182|0x000000070c600000, 0x000000070c600000, 0x000000070c700000|  0%| F|  |TAMS 0x000000070c600000, 0x000000070c600000| Untracked 
| 183|0x000000070c700000, 0x000000070c700000, 0x000000070c800000|  0%| F|  |TAMS 0x000000070c700000, 0x000000070c700000| Untracked 
| 184|0x000000070c800000, 0x000000070c800000, 0x000000070c900000|  0%| F|  |TAMS 0x000000070c800000, 0x000000070c800000| Untracked 
| 185|0x000000070c900000, 0x000000070c900000, 0x000000070ca00000|  0%| F|  |TAMS 0x000000070c900000, 0x000000070c900000| Untracked 
| 186|0x000000070ca00000, 0x000000070ca00000, 0x000000070cb00000|  0%| F|  |TAMS 0x000000070ca00000, 0x000000070ca00000| Untracked 
| 187|0x000000070cb00000, 0x000000070cb00000, 0x000000070cc00000|  0%| F|  |TAMS 0x000000070cb00000, 0x000000070cb00000| Untracked 
| 188|0x000000070cc00000, 0x000000070cc00000, 0x000000070cd00000|  0%| F|  |TAMS 0x000000070cc00000, 0x000000070cc00000| Untracked 
| 189|0x000000070cd00000, 0x000000070cd00000, 0x000000070ce00000|  0%| F|  |TAMS 0x000000070cd00000, 0x000000070cd00000| Untracked 
| 190|0x000000070ce00000, 0x000000070ce00000, 0x000000070cf00000|  0%| F|  |TAMS 0x000000070ce00000, 0x000000070ce00000| Untracked 
| 191|0x000000070cf00000, 0x000000070cf00000, 0x000000070d000000|  0%| F|  |TAMS 0x000000070cf00000, 0x000000070cf00000| Untracked 
| 192|0x000000070d000000, 0x000000070d000000, 0x000000070d100000|  0%| F|  |TAMS 0x000000070d000000, 0x000000070d000000| Untracked 
| 193|0x000000070d100000, 0x000000070d100000, 0x000000070d200000|  0%| F|  |TAMS 0x000000070d100000, 0x000000070d100000| Untracked 
| 194|0x000000070d200000, 0x000000070d200000, 0x000000070d300000|  0%| F|  |TAMS 0x000000070d200000, 0x000000070d200000| Untracked 
| 195|0x000000070d300000, 0x000000070d300000, 0x000000070d400000|  0%| F|  |TAMS 0x000000070d300000, 0x000000070d300000| Untracked 
| 196|0x000000070d400000, 0x000000070d400000, 0x000000070d500000|  0%| F|  |TAMS 0x000000070d400000, 0x000000070d400000| Untracked 
| 197|0x000000070d500000, 0x000000070d500000, 0x000000070d600000|  0%| F|  |TAMS 0x000000070d500000, 0x000000070d500000| Untracked 
| 198|0x000000070d600000, 0x000000070d600000, 0x000000070d700000|  0%| F|  |TAMS 0x000000070d600000, 0x000000070d600000| Untracked 
| 199|0x000000070d700000, 0x000000070d700000, 0x000000070d800000|  0%| F|  |TAMS 0x000000070d700000, 0x000000070d700000| Untracked 
| 200|0x000000070d800000, 0x000000070d800000, 0x000000070d900000|  0%| F|  |TAMS 0x000000070d800000, 0x000000070d800000| Untracked 
| 201|0x000000070d900000, 0x000000070d900000, 0x000000070da00000|  0%| F|  |TAMS 0x000000070d900000, 0x000000070d900000| Untracked 
| 202|0x000000070da00000, 0x000000070da00000, 0x000000070db00000|  0%| F|  |TAMS 0x000000070da00000, 0x000000070da00000| Untracked 
| 203|0x000000070db00000, 0x000000070db00000, 0x000000070dc00000|  0%| F|  |TAMS 0x000000070db00000, 0x000000070db00000| Untracked 
| 204|0x000000070dc00000, 0x000000070dc00000, 0x000000070dd00000|  0%| F|  |TAMS 0x000000070dc00000, 0x000000070dc00000| Untracked 
| 205|0x000000070dd00000, 0x000000070dd00000, 0x000000070de00000|  0%| F|  |TAMS 0x000000070dd00000, 0x000000070dd00000| Untracked 
| 206|0x000000070de00000, 0x000000070de00000, 0x000000070df00000|  0%| F|  |TAMS 0x000000070de00000, 0x000000070de00000| Untracked 
| 207|0x000000070df00000, 0x000000070df00000, 0x000000070e000000|  0%| F|  |TAMS 0x000000070df00000, 0x000000070df00000| Untracked 
| 208|0x000000070e000000, 0x000000070e000000, 0x000000070e100000|  0%| F|  |TAMS 0x000000070e000000, 0x000000070e000000| Untracked 
| 209|0x000000070e100000, 0x000000070e100000, 0x000000070e200000|  0%| F|  |TAMS 0x000000070e100000, 0x000000070e100000| Untracked 
| 210|0x000000070e200000, 0x000000070e200000, 0x000000070e300000|  0%| F|  |TAMS 0x000000070e200000, 0x000000070e200000| Untracked 
| 211|0x000000070e300000, 0x000000070e300000, 0x000000070e400000|  0%| F|  |TAMS 0x000000070e300000, 0x000000070e300000| Untracked 
| 212|0x000000070e400000, 0x000000070e400000, 0x000000070e500000|  0%| F|  |TAMS 0x000000070e400000, 0x000000070e400000| Untracked 
| 213|0x000000070e500000, 0x000000070e500000, 0x000000070e600000|  0%| F|  |TAMS 0x000000070e500000, 0x000000070e500000| Untracked 
| 214|0x000000070e600000, 0x000000070e600000, 0x000000070e700000|  0%| F|  |TAMS 0x000000070e600000, 0x000000070e600000| Untracked 
| 215|0x000000070e700000, 0x000000070e700000, 0x000000070e800000|  0%| F|  |TAMS 0x000000070e700000, 0x000000070e700000| Untracked 
| 216|0x000000070e800000, 0x000000070e800000, 0x000000070e900000|  0%| F|  |TAMS 0x000000070e800000, 0x000000070e800000| Untracked 
| 217|0x000000070e900000, 0x000000070e900000, 0x000000070ea00000|  0%| F|  |TAMS 0x000000070e900000, 0x000000070e900000| Untracked 
| 218|0x000000070ea00000, 0x000000070ea00000, 0x000000070eb00000|  0%| F|  |TAMS 0x000000070ea00000, 0x000000070ea00000| Untracked 
| 219|0x000000070eb00000, 0x000000070eb00000, 0x000000070ec00000|  0%| F|  |TAMS 0x000000070eb00000, 0x000000070eb00000| Untracked 
| 220|0x000000070ec00000, 0x000000070ec00000, 0x000000070ed00000|  0%| F|  |TAMS 0x000000070ec00000, 0x000000070ec00000| Untracked 
| 221|0x000000070ed00000, 0x000000070ed00000, 0x000000070ee00000|  0%| F|  |TAMS 0x000000070ed00000, 0x000000070ed00000| Untracked 
| 222|0x000000070ee00000, 0x000000070ee00000, 0x000000070ef00000|  0%| F|  |TAMS 0x000000070ee00000, 0x000000070ee00000| Untracked 
| 223|0x000000070ef00000, 0x000000070ef00000, 0x000000070f000000|  0%| F|  |TAMS 0x000000070ef00000, 0x000000070ef00000| Untracked 
| 224|0x000000070f000000, 0x000000070f000000, 0x000000070f100000|  0%| F|  |TAMS 0x000000070f000000, 0x000000070f000000| Untracked 
| 225|0x000000070f100000, 0x000000070f100000, 0x000000070f200000|  0%| F|  |TAMS 0x000000070f100000, 0x000000070f100000| Untracked 
| 226|0x000000070f200000, 0x000000070f200000, 0x000000070f300000|  0%| F|  |TAMS 0x000000070f200000, 0x000000070f200000| Untracked 
| 227|0x000000070f300000, 0x000000070f300000, 0x000000070f400000|  0%| F|  |TAMS 0x000000070f300000, 0x000000070f300000| Untracked 
| 228|0x000000070f400000, 0x000000070f400000, 0x000000070f500000|  0%| F|  |TAMS 0x000000070f400000, 0x000000070f400000| Untracked 
| 229|0x000000070f500000, 0x000000070f500000, 0x000000070f600000|  0%| F|  |TAMS 0x000000070f500000, 0x000000070f500000| Untracked 
| 230|0x000000070f600000, 0x000000070f600000, 0x000000070f700000|  0%| F|  |TAMS 0x000000070f600000, 0x000000070f600000| Untracked 
| 231|0x000000070f700000, 0x000000070f700000, 0x000000070f800000|  0%| F|  |TAMS 0x000000070f700000, 0x000000070f700000| Untracked 
| 232|0x000000070f800000, 0x000000070f800000, 0x000000070f900000|  0%| F|  |TAMS 0x000000070f800000, 0x000000070f800000| Untracked 
| 233|0x000000070f900000, 0x000000070f900000, 0x000000070fa00000|  0%| F|  |TAMS 0x000000070f900000, 0x000000070f900000| Untracked 
| 234|0x000000070fa00000, 0x000000070fa00000, 0x000000070fb00000|  0%| F|  |TAMS 0x000000070fa00000, 0x000000070fa00000| Untracked 
| 235|0x000000070fb00000, 0x000000070fb00000, 0x000000070fc00000|  0%| F|  |TAMS 0x000000070fb00000, 0x000000070fb00000| Untracked 
| 236|0x000000070fc00000, 0x000000070fc00000, 0x000000070fd00000|  0%| F|  |TAMS 0x000000070fc00000, 0x000000070fc00000| Untracked 
| 237|0x000000070fd00000, 0x000000070fd00000, 0x000000070fe00000|  0%| F|  |TAMS 0x000000070fd00000, 0x000000070fd00000| Untracked 
| 238|0x000000070fe00000, 0x000000070fe7b658, 0x000000070ff00000| 48%| E|  |TAMS 0x000000070fe00000, 0x000000070fe00000| Complete 
| 239|0x000000070ff00000, 0x0000000710000000, 0x0000000710000000|100%| E|CS|TAMS 0x000000070ff00000, 0x000000070ff00000| Complete 
| 240|0x0000000710000000, 0x0000000710100000, 0x0000000710100000|100%| E|CS|TAMS 0x0000000710000000, 0x0000000710000000| Complete 
| 241|0x0000000710100000, 0x0000000710200000, 0x0000000710200000|100%| E|  |TAMS 0x0000000710100000, 0x0000000710100000| Complete 
| 242|0x0000000710200000, 0x0000000710300000, 0x0000000710300000|100%| E|CS|TAMS 0x0000000710200000, 0x0000000710200000| Complete 
| 243|0x0000000710300000, 0x0000000710400000, 0x0000000710400000|100%| E|CS|TAMS 0x0000000710300000, 0x0000000710300000| Complete 
| 244|0x0000000710400000, 0x0000000710500000, 0x0000000710500000|100%| E|CS|TAMS 0x0000000710400000, 0x0000000710400000| Complete 
| 245|0x0000000710500000, 0x0000000710600000, 0x0000000710600000|100%| E|CS|TAMS 0x0000000710500000, 0x0000000710500000| Complete 
| 246|0x0000000710600000, 0x0000000710700000, 0x0000000710700000|100%| E|CS|TAMS 0x0000000710600000, 0x0000000710600000| Complete 
| 247|0x0000000710700000, 0x0000000710800000, 0x0000000710800000|100%| E|CS|TAMS 0x0000000710700000, 0x0000000710700000| Complete 
| 248|0x0000000710800000, 0x0000000710900000, 0x0000000710900000|100%| E|CS|TAMS 0x0000000710800000, 0x0000000710800000| Complete 
| 249|0x0000000710900000, 0x0000000710a00000, 0x0000000710a00000|100%| E|CS|TAMS 0x0000000710900000, 0x0000000710900000| Complete 
| 250|0x0000000710a00000, 0x0000000710b00000, 0x0000000710b00000|100%| E|CS|TAMS 0x0000000710a00000, 0x0000000710a00000| Complete 
| 251|0x0000000710b00000, 0x0000000710c00000, 0x0000000710c00000|100%| E|CS|TAMS 0x0000000710b00000, 0x0000000710b00000| Complete 
| 252|0x0000000710c00000, 0x0000000710d00000, 0x0000000710d00000|100%| E|CS|TAMS 0x0000000710c00000, 0x0000000710c00000| Complete 
| 253|0x0000000710d00000, 0x0000000710e00000, 0x0000000710e00000|100%| E|CS|TAMS 0x0000000710d00000, 0x0000000710d00000| Complete 
| 254|0x0000000710e00000, 0x0000000710f00000, 0x0000000710f00000|100%| E|CS|TAMS 0x0000000710e00000, 0x0000000710e00000| Complete 
| 255|0x0000000710f00000, 0x0000000711000000, 0x0000000711000000|100%| E|CS|TAMS 0x0000000710f00000, 0x0000000710f00000| Complete 

Card table byte_map: [0x0000029019fa0000,0x000002901a7a0000] _byte_map_base: 0x0000029016798000

Marking Bits (Prev, Next): (CMBitMap*) 0x0000029001cad058, (CMBitMap*) 0x0000029001cad098
 Prev Bits: [0x000002901afa0000, 0x000002901ef60000)
 Next Bits: [0x000002901ef60000, 0x0000029022f20000)

Polling page: 0x0000029001410000

Metaspace:

Usage:
  Non-class:      7.69 MB capacity,     4.93 MB ( 64%) used,     2.75 MB ( 36%) free+waste,     8.00 KB ( <1%) overhead. 
      Class:    596.00 KB capacity,   270.70 KB ( 45%) used,   321.99 KB ( 54%) free+waste,     3.31 KB ( <1%) overhead. 
       Both:      8.27 MB capacity,     5.20 MB ( 63%) used,     3.06 MB ( 37%) free+waste,    11.31 KB ( <1%) overhead. 

Virtual space:
  Non-class space:        8.00 MB reserved,       8.00 MB (100%) committed 
      Class space:        1.00 GB reserved,     640.00 KB ( <1%) committed 
             Both:        1.01 GB reserved,       8.63 MB ( <1%) committed 

Chunk freelists:
   Non-Class:  123.00 KB
       Class:  12.00 KB
        Both:  135.00 KB

MaxMetaspaceSize: 17179869184.00 GB
CompressedClassSpaceSize: 1.00 GB

CodeHeap 'non-profiled nmethods': size=120000Kb used=226Kb max_used=226Kb free=119773Kb
 bounds [0x0000029011c10000, 0x0000029011e80000, 0x0000029019140000]
CodeHeap 'profiled nmethods': size=120000Kb used=1327Kb max_used=1327Kb free=118672Kb
 bounds [0x000002900a6e0000, 0x000002900a950000, 0x0000029011c10000]
CodeHeap 'non-nmethods': size=5760Kb used=1594Kb max_used=1608Kb free=4165Kb
 bounds [0x000002900a140000, 0x000002900a3b0000, 0x000002900a6e0000]
 total_blobs=2144 nmethods=731 adapters=884
 compilation: enabled
              stopped_count=0, restarted_count=0
 full_count=0

Compilation events (20 events):
Event: 0.872 Thread 0x000002902658d000  719       3       jdk.internal.reflect.UnsafeQualifiedLongFieldAccessorImpl::getLong (17 bytes)
Event: 0.872 Thread 0x000002902658d000 nmethod 719 0x000002900a820990 code [0x000002900a820ba0, 0x000002900a821440]
Event: 0.872 Thread 0x000002902658d000  720       3       jdk.internal.reflect.UnsafeFieldAccessorImpl::ensureObj (23 bytes)
Event: 0.872 Thread 0x000002902658d000 nmethod 720 0x000002900a821710 code [0x000002900a821920, 0x000002900a822080]
Event: 0.872 Thread 0x000002902658d000  721       3       org.lwjgl.PointerBuffer::put (24 bytes)
Event: 0.873 Thread 0x000002902658d000 nmethod 721 0x000002900a822290 code [0x000002900a822480, 0x000002900a8229f0]
Event: 0.873 Thread 0x000002902658d000  725       3       java.util.Vector::add (23 bytes)
Event: 0.873 Thread 0x000002902658d000 nmethod 725 0x000002900a822c90 code [0x000002900a822e60, 0x000002900a8232b0]
Event: 0.876 Thread 0x000002902658d000  726   !   3       jdk.internal.loader.URLClassPath$FileLoader::getResource (164 bytes)
Event: 0.877 Thread 0x000002902658d000 nmethod 726 0x000002900a823490 code [0x000002900a823800, 0x000002900a824cf0]
Event: 0.877 Thread 0x000002902658d000  727       3       java.io.File::<init> (111 bytes)
Event: 0.877 Thread 0x000002902658d000 nmethod 727 0x000002900a825690 code [0x000002900a825940, 0x000002900a826410]
Event: 0.877 Thread 0x000002902658d000  728       3       java.util.zip.ZipFile::getZipEntry (309 bytes)
Event: 0.879 Thread 0x000002902658d000 nmethod 728 0x000002900a826790 code [0x000002900a826b00, 0x000002900a828990]
Event: 0.879 Thread 0x000002902658d000  729       3       jdk.internal.org.objectweb.asm.SymbolTable::addConstantClass (8 bytes)
Event: 0.879 Thread 0x000002902658d000 nmethod 729 0x000002900a829510 code [0x000002900a8296c0, 0x000002900a829870]
Event: 0.880 Thread 0x000002902658d000  730   !   3       java.util.zip.Inflater::needsInput (55 bytes)
Event: 0.881 Thread 0x000002902658d000 nmethod 730 0x000002900a829910 code [0x000002900a829ae0, 0x000002900a829ff8]
Event: 0.881 Thread 0x000002902658d000  731       3       sun.net.util.URLUtil::urlNoFragString (114 bytes)
Event: 0.881 Thread 0x000002902658d000 nmethod 731 0x000002900a82a110 code [0x000002900a82a460, 0x000002900a82b790]

GC Heap History (0 events):
No events

Deoptimization events (20 events):
Event: 0.151 Thread 0x0000029001c40000 Uncommon trap: trap_request=0xffffff45 fr.pc=0x0000029011c27490 relative=0x0000000000000070
Event: 0.151 Thread 0x0000029001c40000 Uncommon trap: reason=unstable_if action=reinterpret pc=0x0000029011c27490 method=java.io.WinNTFileSystem.isSlash(C)Z @ 9 c2
Event: 0.151 Thread 0x0000029001c40000 DEOPT PACKING pc=0x0000029011c27490 sp=0x000000b3315fc870
Event: 0.151 Thread 0x0000029001c40000 DEOPT UNPACKING pc=0x000002900a18912f sp=0x000000b3315fc7f8 mode 2
Event: 0.186 Thread 0x0000029001c40000 Uncommon trap: trap_request=0xffffff45 fr.pc=0x0000029011c17088 relative=0x0000000000000068
Event: 0.186 Thread 0x0000029001c40000 Uncommon trap: reason=unstable_if action=reinterpret pc=0x0000029011c17088 method=java.lang.String.isLatin1()Z @ 10 c2
Event: 0.186 Thread 0x0000029001c40000 DEOPT PACKING pc=0x0000029011c17088 sp=0x000000b3315fd640
Event: 0.186 Thread 0x0000029001c40000 DEOPT UNPACKING pc=0x000002900a18912f sp=0x000000b3315fd5d0 mode 2
Event: 0.186 Thread 0x0000029001c40000 Uncommon trap: trap_request=0xffffff45 fr.pc=0x0000029011c17d64 relative=0x0000000000000044
Event: 0.186 Thread 0x0000029001c40000 Uncommon trap: reason=unstable_if action=reinterpret pc=0x0000029011c17d64 method=java.lang.CharacterData.of(I)Ljava/lang/CharacterData; @ 4 c2
Event: 0.186 Thread 0x0000029001c40000 DEOPT PACKING pc=0x0000029011c17d64 sp=0x000000b3315fd170
Event: 0.186 Thread 0x0000029001c40000 DEOPT UNPACKING pc=0x000002900a18912f sp=0x000000b3315fd110 mode 2
Event: 0.730 Thread 0x0000029001c40000 Uncommon trap: trap_request=0xffffff54 fr.pc=0x0000029011c38688 relative=0x0000000000000068
Event: 0.730 Thread 0x0000029001c40000 Uncommon trap: reason=speculate_null_assert action=make_not_entrant pc=0x0000029011c38688 method=sun.misc.Unsafe.getLong(Ljava/lang/Object;J)J @ 5 c2
Event: 0.730 Thread 0x0000029001c40000 DEOPT PACKING pc=0x0000029011c38688 sp=0x000000b3315ff3a0
Event: 0.730 Thread 0x0000029001c40000 DEOPT UNPACKING pc=0x000002900a18912f sp=0x000000b3315ff328 mode 2
Event: 0.861 Thread 0x0000029001c40000 Uncommon trap: trap_request=0xffffff54 fr.pc=0x0000029011c37a90 relative=0x0000000000000070
Event: 0.861 Thread 0x0000029001c40000 Uncommon trap: reason=speculate_null_assert action=make_not_entrant pc=0x0000029011c37a90 method=sun.misc.Unsafe.putLong(Ljava/lang/Object;JJ)V @ 7 c2
Event: 0.861 Thread 0x0000029001c40000 DEOPT PACKING pc=0x0000029011c37a90 sp=0x000000b3315ff200
Event: 0.861 Thread 0x0000029001c40000 DEOPT UNPACKING pc=0x000002900a18912f sp=0x000000b3315ff178 mode 2

Classes unloaded (0 events):
No events

Classes redefined (0 events):
No events

Internal exceptions (10 events):
Event: 0.128 Thread 0x0000029001c40000 Exception <a 'java/lang/NoSuchMethodError'{0x0000000710c0c230}: 'void java.lang.invoke.DelegatingMethodHandle$Holder.delegate(java.lang.Object, java.lang.Object, int, java.lang.Object)'> (0x0000000710c0c230) 
thrown [t:/workspace/open/src/hotspot/share/interpreter/linkResolver.cpp, line 767]
Event: 0.129 Thread 0x0000029001c40000 Exception <a 'java/lang/NoSuchMethodError'{0x0000000710c12ce0}: 'java.lang.Object java.lang.invoke.DirectMethodHandle$Holder.invokeStaticInit(java.lang.Object, java.lang.Object, java.lang.Object)'> (0x0000000710c12ce0) 
thrown [t:/workspace/open/src/hotspot/share/interpreter/linkResolver.cpp, line 767]
Event: 0.174 Thread 0x0000029001c40000 Exception <a 'sun/nio/fs/WindowsException'{0x0000000710ce2630}> (0x0000000710ce2630) 
thrown [t:/workspace/open/src/hotspot/share/prims/jni.cpp, line 598]
Event: 0.174 Thread 0x0000029001c40000 Exception <a 'sun/nio/fs/WindowsException'{0x0000000710ce2b90}> (0x0000000710ce2b90) 
thrown [t:/workspace/open/src/hotspot/share/prims/jni.cpp, line 598]
Event: 0.197 Thread 0x0000029001c40000 Exception <a 'sun/nio/fs/WindowsException'{0x0000000710b61e38}> (0x0000000710b61e38) 
thrown [t:/workspace/open/src/hotspot/share/prims/jni.cpp, line 598]
Event: 0.197 Thread 0x0000029001c40000 Exception <a 'sun/nio/fs/WindowsException'{0x0000000710b621b8}> (0x0000000710b621b8) 
thrown [t:/workspace/open/src/hotspot/share/prims/jni.cpp, line 598]
Event: 0.680 Thread 0x0000029001c40000 Exception <a 'sun/nio/fs/WindowsException'{0x0000000710ab7fb8}> (0x0000000710ab7fb8) 
thrown [t:/workspace/open/src/hotspot/share/prims/jni.cpp, line 598]
Event: 0.680 Thread 0x0000029001c40000 Exception <a 'sun/nio/fs/WindowsException'{0x0000000710ab8370}> (0x0000000710ab8370) 
thrown [t:/workspace/open/src/hotspot/share/prims/jni.cpp, line 598]
Event: 0.685 Thread 0x0000029001c40000 Exception <a 'sun/nio/fs/WindowsException'{0x0000000710ad28c0}> (0x0000000710ad28c0) 
thrown [t:/workspace/open/src/hotspot/share/prims/jni.cpp, line 598]
Event: 0.685 Thread 0x0000029001c40000 Exception <a 'sun/nio/fs/WindowsException'{0x0000000710ad2bb0}> (0x0000000710ad2bb0) 
thrown [t:/workspace/open/src/hotspot/share/prims/jni.cpp, line 598]

Events (20 events):
Event: 0.874 loading class org/lwjgl/opengl/GL20C
Event: 0.874 loading class org/lwjgl/opengl/GL20C done
Event: 0.875 loading class org/lwjgl/opengl/GL15C
Event: 0.875 loading class org/lwjgl/opengl/GL15C done
Event: 0.876 loading class org/lwjgl/opengl/GL14C
Event: 0.876 loading class org/lwjgl/opengl/GL14C done
Event: 0.876 loading class org/lwjgl/opengl/GL13C
Event: 0.876 loading class org/lwjgl/opengl/GL13C done
Event: 0.876 loading class org/lwjgl/opengl/GL12C
Event: 0.876 loading class org/lwjgl/opengl/GL12C done
Event: 0.878 loading class org/lwjgl/system/APIUtil$Encoder
Event: 0.878 loading class org/lwjgl/system/APIUtil$Encoder done
Event: 0.878 loading class org/lwjgl/system/APIUtil$Encoder
Event: 0.878 loading class org/lwjgl/system/APIUtil$Encoder done
Event: 0.878 loading class org/lwjgl/system/MultiReleaseTextDecoding
Event: 0.878 loading class org/lwjgl/system/MultiReleaseTextDecoding done
Event: 0.879 loading class org/lwjgl/opengl/GL30C
Event: 0.879 loading class org/lwjgl/opengl/GL30C done
Event: 0.880 loading class org/lwjgl/opengl/GL21C
Event: 0.880 loading class org/lwjgl/opengl/GL21C done


Dynamic libraries:
0x00007ff7300c0000 - 0x00007ff7300cf000 	C:\Program Files\Java\jdk-13.0.2\bin\java.exe
0x00007ffee7300000 - 0x00007ffee74f0000 	C:\WINDOWS\SYSTEM32\ntdll.dll
0x00007ffee58d0000 - 0x00007ffee5982000 	C:\WINDOWS\System32\KERNEL32.DLL
0x00007ffee4340000 - 0x00007ffee45e5000 	C:\WINDOWS\System32\KERNELBASE.dll
0x00007ffee4fa0000 - 0x00007ffee509a000 	C:\WINDOWS\System32\ucrtbase.dll
0x00007ffed72d0000 - 0x00007ffed72e8000 	C:\Program Files\Java\jdk-13.0.2\bin\jli.dll
0x00007ffed7310000 - 0x00007ffed7325000 	C:\Program Files\Java\jdk-13.0.2\bin\VCRUNTIME140.dll
0x00007ffee61d0000 - 0x00007ffee6273000 	C:\WINDOWS\System32\ADVAPI32.dll
0x00007ffee7220000 - 0x00007ffee72be000 	C:\WINDOWS\System32\msvcrt.dll
0x00007ffee5bb0000 - 0x00007ffee5c47000 	C:\WINDOWS\System32\sechost.dll
0x00007ffee5760000 - 0x00007ffee587f000 	C:\WINDOWS\System32\RPCRT4.dll
0x00007ffee7080000 - 0x00007ffee7214000 	C:\WINDOWS\System32\USER32.dll
0x00007ffed6080000 - 0x00007ffed6304000 	C:\WINDOWS\WinSxS\amd64_microsoft.windows.common-controls_6595b64144ccf1df_6.0.18362.1379_none_9e7ff3b3e45cc0c4\COMCTL32.dll
0x00007ffee4310000 - 0x00007ffee4331000 	C:\WINDOWS\System32\win32u.dll
0x00007ffee6350000 - 0x00007ffee6687000 	C:\WINDOWS\System32\combase.dll
0x00007ffee58a0000 - 0x00007ffee58c6000 	C:\WINDOWS\System32\GDI32.dll
0x00007ffee4280000 - 0x00007ffee4301000 	C:\WINDOWS\System32\bcryptPrimitives.dll
0x00007ffee5210000 - 0x00007ffee53a8000 	C:\WINDOWS\System32\gdi32full.dll
0x00007ffee45f0000 - 0x00007ffee468e000 	C:\WINDOWS\System32\msvcp_win.dll
0x00007ffedfb90000 - 0x00007ffedfb9a000 	C:\WINDOWS\SYSTEM32\VERSION.dll
0x00007ffee53b0000 - 0x00007ffee53de000 	C:\WINDOWS\System32\IMM32.DLL
0x00007ffecef50000 - 0x00007ffecefeb000 	C:\Program Files\Java\jdk-13.0.2\bin\msvcp140.dll
0x00007ffe794d0000 - 0x00007ffe7a02d000 	C:\Program Files\Java\jdk-13.0.2\bin\server\jvm.dll
0x00007ffee6140000 - 0x00007ffee6148000 	C:\WINDOWS\System32\PSAPI.DLL
0x00007ffecd940000 - 0x00007ffecd949000 	C:\WINDOWS\SYSTEM32\WSOCK32.dll
0x00007ffed47a0000 - 0x00007ffed47c4000 	C:\WINDOWS\SYSTEM32\WINMM.dll
0x00007ffee6770000 - 0x00007ffee67df000 	C:\WINDOWS\System32\WS2_32.dll
0x00007ffed4720000 - 0x00007ffed474d000 	C:\WINDOWS\SYSTEM32\WINMMBASE.dll
0x00007ffee4ef0000 - 0x00007ffee4f3a000 	C:\WINDOWS\System32\cfgmgr32.dll
0x00007ffee41c0000 - 0x00007ffee41d1000 	C:\WINDOWS\System32\kernel.appcore.dll
0x00007ffee0300000 - 0x00007ffee0310000 	C:\Program Files\Java\jdk-13.0.2\bin\verify.dll
0x00007ffedf090000 - 0x00007ffedf284000 	C:\WINDOWS\SYSTEM32\DBGHELP.DLL
0x00007ffedf630000 - 0x00007ffedf65a000 	C:\WINDOWS\SYSTEM32\dbgcore.DLL
0x00007ffecf9b0000 - 0x00007ffecf9d6000 	C:\Program Files\Java\jdk-13.0.2\bin\java.dll
0x00007ffecf8e0000 - 0x00007ffecf8f7000 	C:\Program Files\Java\jdk-13.0.2\bin\zip.dll
0x00007ffed96b0000 - 0x00007ffed96ba000 	C:\Program Files\Java\jdk-13.0.2\bin\jimage.dll
0x00007ffee67e0000 - 0x00007ffee6ec8000 	C:\WINDOWS\System32\SHELL32.dll
0x00007ffee5510000 - 0x00007ffee55b7000 	C:\WINDOWS\System32\shcore.dll
0x00007ffee4770000 - 0x00007ffee4eeb000 	C:\WINDOWS\System32\windows.storage.dll
0x00007ffee41e0000 - 0x00007ffee4203000 	C:\WINDOWS\System32\profapi.dll
0x00007ffee4210000 - 0x00007ffee425a000 	C:\WINDOWS\System32\powrprof.dll
0x00007ffee41b0000 - 0x00007ffee41c0000 	C:\WINDOWS\System32\UMPDC.dll
0x00007ffee53e0000 - 0x00007ffee5432000 	C:\WINDOWS\System32\shlwapi.dll
0x00007ffee51f0000 - 0x00007ffee5207000 	C:\WINDOWS\System32\cryptsp.dll
0x00007ffecef30000 - 0x00007ffecef49000 	C:\Program Files\Java\jdk-13.0.2\bin\net.dll
0x00007ffedf830000 - 0x00007ffedf920000 	C:\WINDOWS\SYSTEM32\WINHTTP.dll
0x00007ffee3990000 - 0x00007ffee39f7000 	C:\WINDOWS\system32\mswsock.dll
0x00007ffecef10000 - 0x00007ffecef23000 	C:\Program Files\Java\jdk-13.0.2\bin\nio.dll
0x00007ffec4d10000 - 0x00007ffec4d74000 	C:\Users\Oliver\AppData\Local\Temp\lwjglOliver\3.2.3-build-13\lwjgl.dll
0x00007ffebe760000 - 0x00007ffebe7c2000 	C:\Users\Oliver\AppData\Local\Temp\lwjglOliver\3.2.3-build-13\glfw.dll
0x00007ffee2500000 - 0x00007ffee2599000 	C:\WINDOWS\system32\uxtheme.dll
0x00007ffec80b0000 - 0x00007ffec80f3000 	C:\WINDOWS\SYSTEM32\dinput8.dll
0x00007ffec44c0000 - 0x00007ffec44d1000 	C:\WINDOWS\SYSTEM32\xinput1_4.dll
0x00007ffee3f30000 - 0x00007ffee3f5a000 	C:\WINDOWS\SYSTEM32\DEVOBJ.dll
0x00007ffee2a30000 - 0x00007ffee2a5d000 	C:\WINDOWS\SYSTEM32\dwmapi.dll
0x00007ffed2a10000 - 0x00007ffed2b2c000 	C:\WINDOWS\SYSTEM32\inputhost.dll
0x00007ffee21c0000 - 0x00007ffee2294000 	C:\WINDOWS\SYSTEM32\CoreMessaging.dll
0x00007ffee09f0000 - 0x00007ffee0b42000 	C:\WINDOWS\SYSTEM32\wintypes.dll
0x00007ffed2460000 - 0x00007ffed278a000 	C:\WINDOWS\SYSTEM32\CoreUIComponents.dll
0x00007ffedd930000 - 0x00007ffedda20000 	C:\WINDOWS\SYSTEM32\PROPSYS.dll
0x00007ffee6280000 - 0x00007ffee6345000 	C:\WINDOWS\System32\OLEAUT32.dll
0x00007ffee31f0000 - 0x00007ffee3221000 	C:\WINDOWS\SYSTEM32\ntmarta.dll
0x00007ffee55c0000 - 0x00007ffee56f5000 	C:\WINDOWS\System32\MSCTF.dll
0x00007ffee2d90000 - 0x00007ffee2d9e000 	C:\WINDOWS\SYSTEM32\HID.DLL
0x00007ffee5cd0000 - 0x00007ffee6140000 	C:\WINDOWS\System32\SETUPAPI.DLL
0x00007ffee4740000 - 0x00007ffee4766000 	C:\WINDOWS\System32\bcrypt.dll
0x00007ffee4f40000 - 0x00007ffee4f9c000 	C:\WINDOWS\System32\WINTRUST.dll
0x00007ffee4260000 - 0x00007ffee4272000 	C:\WINDOWS\System32\MSASN1.dll
0x00007ffee50a0000 - 0x00007ffee51ea000 	C:\WINDOWS\System32\CRYPT32.dll
0x00007ffeaf2c0000 - 0x00007ffeaf416000 	C:\WINDOWS\SYSTEM32\opengl32.dll
0x00007ffebe700000 - 0x00007ffebe72c000 	C:\WINDOWS\SYSTEM32\GLU32.dll
0x00007ffee2df0000 - 0x00007ffee2e10000 	C:\WINDOWS\SYSTEM32\dxcore.dll
0x00007ffe76b30000 - 0x00007ffe794c9000 	C:\WINDOWS\System32\DriverStore\FileRepository\nv_dispi.inf_amd64_60daf66a00f2e0b6\nvoglv64.dll
0x00007ffee5a40000 - 0x00007ffee5b97000 	C:\WINDOWS\System32\ole32.dll
0x00007ffee0950000 - 0x00007ffee0963000 	C:\WINDOWS\SYSTEM32\WTSAPI32.dll
0x00007ffedf950000 - 0x00007ffedf97f000 	C:\WINDOWS\SYSTEM32\cryptnet.dll
0x00007ffee3b60000 - 0x00007ffee3b6c000 	C:\WINDOWS\SYSTEM32\cryptbase.dll
0x00007ffeb6820000 - 0x00007ffeb6ad2000 	C:\WINDOWS\system32\nvspcap64.dll
0x00007ffee3f90000 - 0x00007ffee3fe6000 	C:\WINDOWS\SYSTEM32\WINSTA.dll
0x00007ffed2ea0000 - 0x00007ffed2f3d000 	C:\WINDOWS\System32\TextInputFramework.dll
0x00007ffed98d0000 - 0x00007ffed9b77000 	C:\WINDOWS\System32\iertutil.dll
0x00007ffebeba0000 - 0x00007ffebebf9000 	C:\Users\Oliver\AppData\Local\Temp\lwjglOliver\3.2.3-build-13\lwjgl_opengl.dll

dbghelp: loaded successfully - version: 4.0.5 - missing functions: none
symbol engine: initialized successfully - sym options: 0x614 - pdb path: .;C:\Program Files\Java\jdk-13.0.2\bin;C:\WINDOWS\SYSTEM32;C:\WINDOWS\WinSxS\amd64_microsoft.windows.common-controls_6595b64144ccf1df_6.0.18362.1379_none_9e7ff3b3e45cc0c4;C:\Program Files\Java\jdk-13.0.2\bin\server;C:\Users\Oliver\AppData\Local\Temp\lwjglOliver\3.2.3-build-13;C:\WINDOWS\System32\DriverStore\FileRepository\nv_dispi.inf_amd64_60daf66a00f2e0b6

VM Arguments:
jvm_args: -Dfile.encoding=windows-1250 -Duser.country=CZ -Duser.language=cs -Duser.variant 
java_command: cz.educanet.HellowWindow.Main
java_class_path (initial): C:\PRG\HelloWindow\build\classes\java\main;C:\PRG\HelloWindow\build\resources\main;C:\Users\Oliver\.gradle\caches\modules-2\files-2.1\org.lwjgl\lwjgl-assimp\3.2.3\f62aa07a20afbdd3097efc296c4841e0d29700eb\lwjgl-assimp-3.2.3.jar;C:\Users\Oliver\.gradle\caches\modules-2\files-2.1\org.lwjgl\lwjgl-assimp\3.2.3\4e60aeb75f0343c4a9ede4ef8b6b32ca702a00a3\lwjgl-assimp-3.2.3-natives-windows.jar;C:\Users\Oliver\.gradle\caches\modules-2\files-2.1\org.lwjgl\lwjgl-glfw\3.2.3\5e520d5c290c8b012545a8d34fa5db5ab051ea53\lwjgl-glfw-3.2.3.jar;C:\Users\Oliver\.gradle\caches\modules-2\files-2.1\org.lwjgl\lwjgl-glfw\3.2.3\b4d8a3477cdc2edcf7a5f1e822926be846223f54\lwjgl-glfw-3.2.3-natives-windows.jar;C:\Users\Oliver\.gradle\caches\modules-2\files-2.1\org.lwjgl\lwjgl-openal\3.2.3\106742e805803ab9eab8e343f0fb31a3d263903c\lwjgl-openal-3.2.3.jar;C:\Users\Oliver\.gradle\caches\modules-2\files-2.1\org.lwjgl\lwjgl-openal\3.2.3\ec898e8ce11b5886f4f532a1536283ef2817758d\lwjgl-openal-3.2.3-natives-windows.jar;C:\Users\Oliver\.gradle\caches\modules-2\files-2.1\org.lwjgl\lwjgl-opengl\3.2.3\bdd534a323d0c8f54969b95e424b6ac8984f7d6e\lwjgl-opengl-3.2.3.jar;C:\Users\Oliver\.gradle\caches\modules-2\files-2.1\org.lwjgl\lwjgl-opengl\3.2.3\e81cfc73ec8708e5e791ed770e4ec3edfc1bbab1\lwjgl-opengl-3.2.3-natives-windows.jar;C:\Users\Oliver\.gradle\caches\modules-2\files-2.1\org.lwjgl\lwjgl-stb\3.2.3\40eccaa4fa86fc815f2e17946a392fb5fdcc286a\lwjgl-stb-3.2.3.jar;C:\Users\Oliver\.gradle\caches\modules-2\files-2.1\org.lwjgl\lwjgl-stb\3.2.3\817b21ec286f0ba3dcedb56a3bd275e6a9345be9\lwjgl-stb-3.2.3-natives-windows.jar;C:\Users\Oliver\.gradle\caches\modules-2\files-2.1\org.lwjgl\lwjgl\3.2.3\17a59ba0fe8d474ec9dbe0d5db40d2cfe59c4c08\lwjgl-3.2.3.jar;C:\Users\Oliver\.gradle\caches\modules-2\files-2.1\org.lwjgl\lwjgl\3.2.3\27f32cd35349684745951e04388e8e00d681cdcd\lwjgl-3.2.3-natives-windows.jar;C:\Users\Oliver\.gradle\caches\modules-2\files-2.1\org.joml\joml\1.10.0\a29b8bf72dc1478e9ceea256db214188da94f313
Launcher Type: SUN_STANDARD

[Global flags]
     intx CICompilerCount                          = 4                                         {product} {ergonomic}
     uint ConcGCThreads                            = 3                                         {product} {ergonomic}
     uint G1ConcRefinementThreads                  = 10                                        {product} {ergonomic}
   size_t G1HeapRegionSize                         = 1048576                                   {product} {ergonomic}
    uintx GCDrainStackTargetSize                   = 64                                        {product} {ergonomic}
   size_t InitialHeapSize                          = 268435456                                 {product} {ergonomic}
   size_t MarkStackSize                            = 4194304                                   {product} {ergonomic}
   size_t MaxHeapSize                              = 4278190080                                {product} {ergonomic}
   size_t MaxNewSize                               = 2566914048                                {product} {ergonomic}
   size_t MinHeapDeltaBytes                        = 1048576                                   {product} {ergonomic}
   size_t MinHeapSize                              = 8388608                                   {product} {ergonomic}
    uintx NonNMethodCodeHeapSize                   = 5839372                                {pd product} {ergonomic}
    uintx NonProfiledCodeHeapSize                  = 122909434                              {pd product} {ergonomic}
    uintx ProfiledCodeHeapSize                     = 122909434                              {pd product} {ergonomic}
    uintx ReservedCodeCacheSize                    = 251658240                              {pd product} {ergonomic}
     bool SegmentedCodeCache                       = true                                      {product} {ergonomic}
   size_t SoftMaxHeapSize                          = 4278190080                             {manageable} {ergonomic}
     bool UseCompressedClassPointers               = true                                 {lp64_product} {ergonomic}
     bool UseCompressedOops                        = true                                 {lp64_product} {ergonomic}
     bool UseG1GC                                  = true                                      {product} {ergonomic}
     bool UseLargePagesIndividualAllocation        = false                                  {pd product} {ergonomic}

Logging:
Log output configuration:
 #0: stdout all=warning uptime,level,tags
 #1: stderr all=off uptime,level,tags

Environment Variables:
JAVA_HOME=C:\Program Files\Java\jdk-13.0.2
PATH=C:\Program Files (x86)\Common Files\Oracle\Java\javapath;C:\Program Files (x86)\Common Files\Intel\Shared Libraries\redist\intel64_win\compiler;C:\Windows\system32;C:\Windows;C:\Windows\System32\Wbem;C:\Windows\System32\WindowsPowerShell\v1.0\;C:\Windows\System32\OpenSSH\;C:\Program Files\NVIDIA Corporation\NVIDIA NvDLISR;C:\Program Files\NVIDIA Corporation\NVIDIA NGX;C:\Program Files (x86)\NVIDIA Corporation\PhysX\Common;C:\Program Files\Git\cmd;C:\Program Files\nodejs\;C:\WINDOWS\system32;C:\WINDOWS;C:\WINDOWS\System32\Wbem;C:\WINDOWS\System32\WindowsPowerShell\v1.0\;C:\WINDOWS\System32\OpenSSH\;C:\Program Files\Java\jdk-13.0.2\bin;C:\Users\Oliver\AppData\Local\Microsoft\WindowsApps;C:\Users\Oliver\AppData\Local\Programs\Microsoft VS Code\bin;C:\Users\Oliver\AppData\Roaming\npm;C:\Program Files\Java\jdk-13.0.2;
USERNAME=Oliver
OS=Windows_NT
PROCESSOR_IDENTIFIER=AMD64 Family 23 Model 8 Stepping 2, AuthenticAMD



---------------  S Y S T E M  ---------------

OS: Windows 10 , 64 bit Build 18362 (10.0.18362.1350)

CPU:total 12 (initial active 12) (12 cores per cpu, 2 threads per core) family 23 model 8 stepping 2, cmov, cx8, fxsr, mmx, sse, sse2, sse3, ssse3, sse4.1, sse4.2, popcnt, avx, avx2, aes, clmul, mmxext, 3dnowpref, lzcnt, sse4a, ht, tsc, tscinvbit, tscinv, bmi1, bmi2, adx, sha, fma

Memory: 4k page, system-wide physical 16315M (5743M free)
TotalPageFile size 26555M (AvailPageFile size 9876M)
current process WorkingSet (physical memory assigned to process): 96M, peak: 96M
current process commit charge ("private bytes"): 399M, peak: 399M

vm_info: Java HotSpot(TM) 64-Bit Server VM (13.0.2+8) for windows-amd64 JRE (13.0.2+8), built on Dec 11 2019 09:20:33 by "mach5one" with unknown MS VC++:1916

END.
